{"/Users/michailgeranis/Code/hive/src/Hive.Desktop/src/components/Card.tsx": {"path":"/Users/michailgeranis/Code/hive/src/Hive.Desktop/src/components/Card.tsx","statementMap":{"0":{"start":{"line":9,"column":2},"end":{"line":12,"column":null}},"1":{"start":{"line":23,"column":2},"end":{"line":30,"column":null}},"2":{"start":{"line":40,"column":2},"end":{"line":40,"column":null}},"3":{"start":{"line":56,"column":20},"end":{"line":63,"column":null}},"4":{"start":{"line":66,"column":22},"end":{"line":66,"column":null}},"5":{"start":{"line":68,"column":2},"end":{"line":92,"column":null}}},"fnMap":{"0":{"name":"Card","decl":{"start":{"line":8,"column":16},"end":{"line":8,"column":21}},"loc":{"start":{"line":8,"column":62},"end":{"line":14,"column":null}},"line":8},"1":{"name":"CardHeader","decl":{"start":{"line":22,"column":16},"end":{"line":22,"column":27}},"loc":{"start":{"line":22,"column":73},"end":{"line":32,"column":null}},"line":22},"2":{"name":"CardContent","decl":{"start":{"line":39,"column":16},"end":{"line":39,"column":28}},"loc":{"start":{"line":39,"column":76},"end":{"line":41,"column":null}},"line":39},"3":{"name":"StatCard","decl":{"start":{"line":65,"column":16},"end":{"line":65,"column":25}},"loc":{"start":{"line":65,"column":106},"end":{"line":94,"column":null}},"line":65}},"branchMap":{"0":{"loc":{"start":{"line":8,"column":33},"end":{"line":8,"column":48}},"type":"default-arg","locations":[{"start":{"line":8,"column":45},"end":{"line":8,"column":48}}],"line":8},"1":{"loc":{"start":{"line":27,"column":9},"end":{"line":27,"column":null}},"type":"binary-expr","locations":[{"start":{"line":27,"column":9},"end":{"line":27,"column":21}},{"start":{"line":27,"column":21},"end":{"line":27,"column":null}}],"line":27},"2":{"loc":{"start":{"line":29,"column":7},"end":{"line":29,"column":null}},"type":"binary-expr","locations":[{"start":{"line":29,"column":7},"end":{"line":29,"column":17}},{"start":{"line":29,"column":17},"end":{"line":29,"column":null}}],"line":29},"3":{"loc":{"start":{"line":39,"column":40},"end":{"line":39,"column":55}},"type":"default-arg","locations":[{"start":{"line":39,"column":52},"end":{"line":39,"column":55}}],"line":39},"4":{"loc":{"start":{"line":65,"column":64},"end":{"line":65,"column":80}},"type":"default-arg","locations":[{"start":{"line":65,"column":72},"end":{"line":65,"column":80}}],"line":65},"5":{"loc":{"start":{"line":71,"column":41},"end":{"line":71,"column":113}},"type":"cond-expr","locations":[{"start":{"line":71,"column":55},"end":{"line":71,"column":111}},{"start":{"line":71,"column":111},"end":{"line":71,"column":113}}],"line":71},"6":{"loc":{"start":{"line":78,"column":13},"end":{"line":78,"column":null}},"type":"binary-expr","locations":[{"start":{"line":78,"column":13},"end":{"line":78,"column":25}},{"start":{"line":78,"column":25},"end":{"line":78,"column":null}}],"line":78},"7":{"loc":{"start":{"line":79,"column":13},"end":{"line":82,"column":null}},"type":"binary-expr","locations":[{"start":{"line":79,"column":13},"end":{"line":79,"column":null}},{"start":{"line":80,"column":14},"end":{"line":82,"column":null}}],"line":79},"8":{"loc":{"start":{"line":80,"column":44},"end":{"line":80,"column":134}},"type":"cond-expr","locations":[{"start":{"line":80,"column":63},"end":{"line":80,"column":102}},{"start":{"line":80,"column":102},"end":{"line":80,"column":134}}],"line":80},"9":{"loc":{"start":{"line":81,"column":17},"end":{"line":81,"column":46}},"type":"cond-expr","locations":[{"start":{"line":81,"column":36},"end":{"line":81,"column":42}},{"start":{"line":81,"column":42},"end":{"line":81,"column":46}}],"line":81},"10":{"loc":{"start":{"line":85,"column":11},"end":{"line":88,"column":null}},"type":"binary-expr","locations":[{"start":{"line":85,"column":11},"end":{"line":85,"column":null}},{"start":{"line":86,"column":12},"end":{"line":88,"column":null}}],"line":85}},"s":{"0":15,"1":5,"2":15,"3":1,"4":12,"5":12},"f":{"0":15,"1":5,"2":15,"3":12},"b":{"0":[15],"1":[5,1],"2":[5,1],"3":[15],"4":[12],"5":[1,11],"6":[12,1],"7":[12,2],"8":[1,1],"9":[1,1],"10":[12,5]},"meta":{"lastBranch":11,"lastFunction":4,"lastStatement":6,"seen":{"f:8:16:8:21":0,"b:8:45:8:48":0,"s:9:2:12:Infinity":0,"f:22:16:22:27":1,"s:23:2:30:Infinity":1,"b:27:9:27:21:27:21:27:Infinity":1,"b:29:7:29:17:29:17:29:Infinity":2,"f:39:16:39:28":2,"b:39:52:39:55":3,"s:40:2:40:Infinity":2,"s:56:20:63:Infinity":3,"f:65:16:65:25":3,"b:65:72:65:80":4,"s:66:22:66:Infinity":4,"s:68:2:92:Infinity":5,"b:71:55:71:111:71:111:71:113":5,"b:78:13:78:25:78:25:78:Infinity":6,"b:79:13:79:Infinity:80:14:82:Infinity":7,"b:80:63:80:102:80:102:80:134":8,"b:81:36:81:42:81:42:81:46":9,"b:85:11:85:Infinity:86:12:88:Infinity":10}}}
,"/Users/michailgeranis/Code/hive/src/Hive.Desktop/src/components/LoadingScreen.tsx": {"path":"/Users/michailgeranis/Code/hive/src/Hive.Desktop/src/components/LoadingScreen.tsx","statementMap":{"0":{"start":{"line":10,"column":2},"end":{"line":50,"column":null}}},"fnMap":{"0":{"name":"LoadingScreen","decl":{"start":{"line":9,"column":24},"end":{"line":9,"column":38}},"loc":{"start":{"line":9,"column":88},"end":{"line":52,"column":null}},"line":9}},"branchMap":{"0":{"loc":{"start":{"line":19,"column":7},"end":{"line":25,"column":null}},"type":"binary-expr","locations":[{"start":{"line":19,"column":7},"end":{"line":19,"column":null}},{"start":{"line":20,"column":8},"end":{"line":25,"column":null}}],"line":19},"1":{"loc":{"start":{"line":23,"column":13},"end":{"line":23,"column":null}},"type":"binary-expr","locations":[{"start":{"line":23,"column":13},"end":{"line":23,"column":24}},{"start":{"line":23,"column":24},"end":{"line":23,"column":null}}],"line":23},"2":{"loc":{"start":{"line":28,"column":7},"end":{"line":43,"column":null}},"type":"binary-expr","locations":[{"start":{"line":28,"column":7},"end":{"line":28,"column":null}},{"start":{"line":29,"column":8},"end":{"line":43,"column":null}}],"line":28},"3":{"loc":{"start":{"line":32,"column":13},"end":{"line":32,"column":null}},"type":"binary-expr","locations":[{"start":{"line":32,"column":13},"end":{"line":32,"column":24}},{"start":{"line":32,"column":24},"end":{"line":32,"column":null}}],"line":32},"4":{"loc":{"start":{"line":34,"column":11},"end":{"line":41,"column":null}},"type":"binary-expr","locations":[{"start":{"line":34,"column":11},"end":{"line":34,"column":null}},{"start":{"line":35,"column":12},"end":{"line":41,"column":null}}],"line":34}},"s":{"0":16},"f":{"0":16},"b":{"0":[16,9],"1":[9,8],"2":[16,7],"3":[7,6],"4":[7,3]},"meta":{"lastBranch":5,"lastFunction":1,"lastStatement":1,"seen":{"f:9:24:9:38":0,"s:10:2:50:Infinity":0,"b:19:7:19:Infinity:20:8:25:Infinity":0,"b:23:13:23:24:23:24:23:Infinity":1,"b:28:7:28:Infinity:29:8:43:Infinity":2,"b:32:13:32:24:32:24:32:Infinity":3,"b:34:11:34:Infinity:35:12:41:Infinity":4}}}
,"/Users/michailgeranis/Code/hive/src/Hive.Desktop/src/contexts/ThemeContext.tsx": {"path":"/Users/michailgeranis/Code/hive/src/Hive.Desktop/src/contexts/ThemeContext.tsx","statementMap":{"0":{"start":{"line":18,"column":6},"end":{"line":18,"column":null}},"1":{"start":{"line":20,"column":20},"end":{"line":20,"column":null}},"2":{"start":{"line":21,"column":21},"end":{"line":21,"column":null}},"3":{"start":{"line":22,"column":40},"end":{"line":22,"column":null}},"4":{"start":{"line":25,"column":2},"end":{"line":27,"column":null}},"5":{"start":{"line":26,"column":4},"end":{"line":26,"column":null}},"6":{"start":{"line":28,"column":2},"end":{"line":28,"column":null}},"7":{"start":{"line":32,"column":27},"end":{"line":32,"column":null}},"8":{"start":{"line":33,"column":2},"end":{"line":33,"column":null}},"9":{"start":{"line":37,"column":14},"end":{"line":37,"column":null}},"10":{"start":{"line":38,"column":25},"end":{"line":38,"column":null}},"11":{"start":{"line":39,"column":20},"end":{"line":39,"column":null}},"12":{"start":{"line":40,"column":18},"end":{"line":40,"column":null}},"13":{"start":{"line":43,"column":2},"end":{"line":49,"column":null}},"14":{"start":{"line":45,"column":4},"end":{"line":45,"column":null}},"15":{"start":{"line":48,"column":4},"end":{"line":48,"column":null}},"16":{"start":{"line":53,"column":29},"end":{"line":61,"column":null}},"17":{"start":{"line":54,"column":4},"end":{"line":59,"column":null}},"18":{"start":{"line":55,"column":21},"end":{"line":55,"column":null}},"19":{"start":{"line":56,"column":6},"end":{"line":58,"column":null}},"20":{"start":{"line":57,"column":8},"end":{"line":57,"column":null}},"21":{"start":{"line":60,"column":4},"end":{"line":60,"column":null}},"22":{"start":{"line":63,"column":35},"end":{"line":75,"column":null}},"23":{"start":{"line":64,"column":4},"end":{"line":73,"column":null}},"24":{"start":{"line":65,"column":21},"end":{"line":65,"column":null}},"25":{"start":{"line":66,"column":6},"end":{"line":72,"column":null}},"26":{"start":{"line":67,"column":8},"end":{"line":71,"column":null}},"27":{"start":{"line":68,"column":10},"end":{"line":68,"column":null}},"28":{"start":{"line":70,"column":10},"end":{"line":70,"column":null}},"29":{"start":{"line":74,"column":4},"end":{"line":74,"column":null}},"30":{"start":{"line":77,"column":40},"end":{"line":85,"column":null}},"31":{"start":{"line":78,"column":4},"end":{"line":80,"column":null}},"32":{"start":{"line":79,"column":6},"end":{"line":79,"column":null}},"33":{"start":{"line":81,"column":4},"end":{"line":83,"column":null}},"34":{"start":{"line":82,"column":6},"end":{"line":82,"column":null}},"35":{"start":{"line":84,"column":4},"end":{"line":84,"column":null}},"36":{"start":{"line":88,"column":23},"end":{"line":96,"column":null}},"37":{"start":{"line":89,"column":4},"end":{"line":91,"column":null}},"38":{"start":{"line":90,"column":6},"end":{"line":90,"column":null}},"39":{"start":{"line":92,"column":4},"end":{"line":94,"column":null}},"40":{"start":{"line":93,"column":6},"end":{"line":93,"column":null}},"41":{"start":{"line":95,"column":4},"end":{"line":95,"column":null}},"42":{"start":{"line":99,"column":2},"end":{"line":113,"column":null}},"43":{"start":{"line":100,"column":21},"end":{"line":100,"column":null}},"44":{"start":{"line":101,"column":4},"end":{"line":101,"column":null}},"45":{"start":{"line":104,"column":17},"end":{"line":104,"column":null}},"46":{"start":{"line":105,"column":4},"end":{"line":105,"column":null}},"47":{"start":{"line":106,"column":4},"end":{"line":106,"column":null}},"48":{"start":{"line":109,"column":22},"end":{"line":109,"column":null}},"49":{"start":{"line":110,"column":4},"end":{"line":112,"column":null}},"50":{"start":{"line":111,"column":6},"end":{"line":111,"column":null}},"51":{"start":{"line":116,"column":2},"end":{"line":128,"column":null}},"52":{"start":{"line":117,"column":4},"end":{"line":117,"column":null}},"53":{"start":{"line":117,"column":28},"end":{"line":117,"column":null}},"54":{"start":{"line":119,"column":23},"end":{"line":119,"column":null}},"55":{"start":{"line":120,"column":25},"end":{"line":124,"column":null}},"56":{"start":{"line":121,"column":6},"end":{"line":121,"column":null}},"57":{"start":{"line":122,"column":6},"end":{"line":122,"column":null}},"58":{"start":{"line":123,"column":6},"end":{"line":123,"column":null}},"59":{"start":{"line":126,"column":4},"end":{"line":126,"column":null}},"60":{"start":{"line":127,"column":4},"end":{"line":127,"column":null}},"61":{"start":{"line":127,"column":17},"end":{"line":127,"column":null}},"62":{"start":{"line":131,"column":2},"end":{"line":146,"column":null}},"63":{"start":{"line":132,"column":4},"end":{"line":132,"column":null}},"64":{"start":{"line":132,"column":30},"end":{"line":132,"column":null}},"65":{"start":{"line":134,"column":26},"end":{"line":141,"column":null}},"66":{"start":{"line":135,"column":26},"end":{"line":135,"column":null}},"67":{"start":{"line":136,"column":6},"end":{"line":140,"column":null}},"68":{"start":{"line":137,"column":8},"end":{"line":137,"column":null}},"69":{"start":{"line":138,"column":8},"end":{"line":138,"column":null}},"70":{"start":{"line":139,"column":8},"end":{"line":139,"column":null}},"71":{"start":{"line":144,"column":21},"end":{"line":144,"column":null}},"72":{"start":{"line":145,"column":4},"end":{"line":145,"column":null}},"73":{"start":{"line":145,"column":17},"end":{"line":145,"column":null}},"74":{"start":{"line":148,"column":19},"end":{"line":151,"column":null}},"75":{"start":{"line":149,"column":4},"end":{"line":149,"column":null}},"76":{"start":{"line":150,"column":4},"end":{"line":150,"column":null}},"77":{"start":{"line":153,"column":22},"end":{"line":156,"column":null}},"78":{"start":{"line":154,"column":4},"end":{"line":154,"column":null}},"79":{"start":{"line":155,"column":4},"end":{"line":155,"column":null}},"80":{"start":{"line":158,"column":2},"end":{"line":161,"column":null}},"81":{"start":{"line":166,"column":8},"end":{"line":166,"column":null}},"82":{"start":{"line":167,"column":2},"end":{"line":169,"column":null}},"83":{"start":{"line":168,"column":4},"end":{"line":168,"column":null}},"84":{"start":{"line":170,"column":2},"end":{"line":170,"column":null}}},"fnMap":{"0":{"name":"getSystemTheme","decl":{"start":{"line":24,"column":9},"end":{"line":24,"column":44}},"loc":{"start":{"line":24,"column":44},"end":{"line":29,"column":null}},"line":24},"1":{"name":"timeToMinutes","decl":{"start":{"line":31,"column":9},"end":{"line":31,"column":23}},"loc":{"start":{"line":31,"column":45},"end":{"line":34,"column":null}},"line":31},"2":{"name":"isWithinDarkPeriod","decl":{"start":{"line":36,"column":9},"end":{"line":36,"column":28}},"loc":{"start":{"line":36,"column":62},"end":{"line":50,"column":null}},"line":36},"3":{"name":"ThemeProvider","decl":{"start":{"line":52,"column":16},"end":{"line":52,"column":30}},"loc":{"start":{"line":52,"column":69},"end":{"line":163,"column":null}},"line":52},"4":{"name":"(anonymous_4)","decl":{"start":{"line":53,"column":49},"end":{"line":53,"column":55}},"loc":{"start":{"line":53,"column":55},"end":{"line":61,"column":3}},"line":53},"5":{"name":"(anonymous_5)","decl":{"start":{"line":63,"column":63},"end":{"line":63,"column":69}},"loc":{"start":{"line":63,"column":69},"end":{"line":75,"column":3}},"line":63},"6":{"name":"(anonymous_6)","decl":{"start":{"line":77,"column":71},"end":{"line":77,"column":77}},"loc":{"start":{"line":77,"column":77},"end":{"line":85,"column":3}},"line":77},"7":{"name":"(anonymous_7)","decl":{"start":{"line":88,"column":23},"end":{"line":88,"column":47}},"loc":{"start":{"line":88,"column":47},"end":{"line":96,"column":null}},"line":88},"8":{"name":"(anonymous_8)","decl":{"start":{"line":99,"column":12},"end":{"line":99,"column":18}},"loc":{"start":{"line":99,"column":18},"end":{"line":113,"column":5}},"line":99},"9":{"name":"(anonymous_9)","decl":{"start":{"line":116,"column":12},"end":{"line":116,"column":18}},"loc":{"start":{"line":116,"column":18},"end":{"line":128,"column":5}},"line":116},"10":{"name":"(anonymous_10)","decl":{"start":{"line":120,"column":25},"end":{"line":120,"column":26}},"loc":{"start":{"line":120,"column":53},"end":{"line":124,"column":null}},"line":120},"11":{"name":"(anonymous_11)","decl":{"start":{"line":127,"column":11},"end":{"line":127,"column":17}},"loc":{"start":{"line":127,"column":17},"end":{"line":127,"column":null}},"line":127},"12":{"name":"(anonymous_12)","decl":{"start":{"line":131,"column":12},"end":{"line":131,"column":18}},"loc":{"start":{"line":131,"column":18},"end":{"line":146,"column":5}},"line":131},"13":{"name":"(anonymous_13)","decl":{"start":{"line":134,"column":26},"end":{"line":134,"column":32}},"loc":{"start":{"line":134,"column":32},"end":{"line":141,"column":null}},"line":134},"14":{"name":"(anonymous_14)","decl":{"start":{"line":145,"column":11},"end":{"line":145,"column":17}},"loc":{"start":{"line":145,"column":17},"end":{"line":145,"column":null}},"line":145},"15":{"name":"(anonymous_15)","decl":{"start":{"line":148,"column":19},"end":{"line":148,"column":20}},"loc":{"start":{"line":148,"column":40},"end":{"line":151,"column":null}},"line":148},"16":{"name":"(anonymous_16)","decl":{"start":{"line":153,"column":22},"end":{"line":153,"column":23}},"loc":{"start":{"line":153,"column":54},"end":{"line":156,"column":null}},"line":153},"17":{"name":"useTheme","decl":{"start":{"line":165,"column":16},"end":{"line":165,"column":27}},"loc":{"start":{"line":165,"column":27},"end":{"line":171,"column":null}},"line":165}},"branchMap":{"0":{"loc":{"start":{"line":25,"column":2},"end":{"line":27,"column":null}},"type":"if","locations":[{"start":{"line":25,"column":2},"end":{"line":27,"column":null}},{"start":{},"end":{}}],"line":25},"1":{"loc":{"start":{"line":25,"column":6},"end":{"line":25,"column":58}},"type":"binary-expr","locations":[{"start":{"line":25,"column":6},"end":{"line":25,"column":39}},{"start":{"line":25,"column":39},"end":{"line":25,"column":58}}],"line":25},"2":{"loc":{"start":{"line":26,"column":11},"end":{"line":26,"column":null}},"type":"cond-expr","locations":[{"start":{"line":26,"column":71},"end":{"line":26,"column":80}},{"start":{"line":26,"column":80},"end":{"line":26,"column":null}}],"line":26},"3":{"loc":{"start":{"line":43,"column":2},"end":{"line":49,"column":null}},"type":"if","locations":[{"start":{"line":43,"column":2},"end":{"line":49,"column":null}},{"start":{"line":46,"column":9},"end":{"line":49,"column":null}}],"line":43},"4":{"loc":{"start":{"line":45,"column":11},"end":{"line":45,"column":null}},"type":"binary-expr","locations":[{"start":{"line":45,"column":11},"end":{"line":45,"column":42}},{"start":{"line":45,"column":42},"end":{"line":45,"column":null}}],"line":45},"5":{"loc":{"start":{"line":48,"column":11},"end":{"line":48,"column":null}},"type":"binary-expr","locations":[{"start":{"line":48,"column":11},"end":{"line":48,"column":42}},{"start":{"line":48,"column":42},"end":{"line":48,"column":null}}],"line":48},"6":{"loc":{"start":{"line":54,"column":4},"end":{"line":59,"column":null}},"type":"if","locations":[{"start":{"line":54,"column":4},"end":{"line":59,"column":null}},{"start":{},"end":{}}],"line":54},"7":{"loc":{"start":{"line":56,"column":6},"end":{"line":58,"column":null}},"type":"if","locations":[{"start":{"line":56,"column":6},"end":{"line":58,"column":null}},{"start":{},"end":{}}],"line":56},"8":{"loc":{"start":{"line":56,"column":10},"end":{"line":56,"column":78}},"type":"binary-expr","locations":[{"start":{"line":56,"column":10},"end":{"line":56,"column":20}},{"start":{"line":56,"column":20},"end":{"line":56,"column":78}}],"line":56},"9":{"loc":{"start":{"line":64,"column":4},"end":{"line":73,"column":null}},"type":"if","locations":[{"start":{"line":64,"column":4},"end":{"line":73,"column":null}},{"start":{},"end":{}}],"line":64},"10":{"loc":{"start":{"line":66,"column":6},"end":{"line":72,"column":null}},"type":"if","locations":[{"start":{"line":66,"column":6},"end":{"line":72,"column":null}},{"start":{},"end":{}}],"line":66},"11":{"loc":{"start":{"line":78,"column":4},"end":{"line":80,"column":null}},"type":"if","locations":[{"start":{"line":78,"column":4},"end":{"line":80,"column":null}},{"start":{},"end":{}}],"line":78},"12":{"loc":{"start":{"line":81,"column":4},"end":{"line":83,"column":null}},"type":"if","locations":[{"start":{"line":81,"column":4},"end":{"line":83,"column":null}},{"start":{},"end":{}}],"line":81},"13":{"loc":{"start":{"line":82,"column":13},"end":{"line":82,"column":null}},"type":"cond-expr","locations":[{"start":{"line":82,"column":44},"end":{"line":82,"column":53}},{"start":{"line":82,"column":53},"end":{"line":82,"column":null}}],"line":82},"14":{"loc":{"start":{"line":89,"column":4},"end":{"line":91,"column":null}},"type":"if","locations":[{"start":{"line":89,"column":4},"end":{"line":91,"column":null}},{"start":{},"end":{}}],"line":89},"15":{"loc":{"start":{"line":92,"column":4},"end":{"line":94,"column":null}},"type":"if","locations":[{"start":{"line":92,"column":4},"end":{"line":94,"column":null}},{"start":{},"end":{}}],"line":92},"16":{"loc":{"start":{"line":93,"column":13},"end":{"line":93,"column":null}},"type":"cond-expr","locations":[{"start":{"line":93,"column":44},"end":{"line":93,"column":53}},{"start":{"line":93,"column":53},"end":{"line":93,"column":null}}],"line":93},"17":{"loc":{"start":{"line":110,"column":4},"end":{"line":112,"column":null}},"type":"if","locations":[{"start":{"line":110,"column":4},"end":{"line":112,"column":null}},{"start":{},"end":{}}],"line":110},"18":{"loc":{"start":{"line":111,"column":40},"end":{"line":111,"column":83}},"type":"cond-expr","locations":[{"start":{"line":111,"column":62},"end":{"line":111,"column":74}},{"start":{"line":111,"column":74},"end":{"line":111,"column":83}}],"line":111},"19":{"loc":{"start":{"line":117,"column":4},"end":{"line":117,"column":null}},"type":"if","locations":[{"start":{"line":117,"column":4},"end":{"line":117,"column":null}},{"start":{},"end":{}}],"line":117},"20":{"loc":{"start":{"line":121,"column":23},"end":{"line":121,"column":51}},"type":"cond-expr","locations":[{"start":{"line":121,"column":35},"end":{"line":121,"column":44}},{"start":{"line":121,"column":44},"end":{"line":121,"column":51}}],"line":121},"21":{"loc":{"start":{"line":123,"column":45},"end":{"line":123,"column":73}},"type":"cond-expr","locations":[{"start":{"line":123,"column":57},"end":{"line":123,"column":66}},{"start":{"line":123,"column":66},"end":{"line":123,"column":73}}],"line":123},"22":{"loc":{"start":{"line":132,"column":4},"end":{"line":132,"column":null}},"type":"if","locations":[{"start":{"line":132,"column":4},"end":{"line":132,"column":null}},{"start":{},"end":{}}],"line":132},"23":{"loc":{"start":{"line":135,"column":26},"end":{"line":135,"column":null}},"type":"cond-expr","locations":[{"start":{"line":135,"column":57},"end":{"line":135,"column":66}},{"start":{"line":135,"column":66},"end":{"line":135,"column":null}}],"line":135},"24":{"loc":{"start":{"line":136,"column":6},"end":{"line":140,"column":null}},"type":"if","locations":[{"start":{"line":136,"column":6},"end":{"line":140,"column":null}},{"start":{},"end":{}}],"line":136},"25":{"loc":{"start":{"line":167,"column":2},"end":{"line":169,"column":null}},"type":"if","locations":[{"start":{"line":167,"column":2},"end":{"line":169,"column":null}},{"start":{},"end":{}}],"line":167}},"s":{"0":2,"1":2,"2":2,"3":2,"4":72,"5":72,"6":0,"7":32,"8":32,"9":16,"10":16,"11":16,"12":16,"13":16,"14":12,"15":4,"16":56,"17":44,"18":44,"19":44,"20":9,"21":35,"22":56,"23":44,"24":44,"25":44,"26":9,"27":9,"28":1,"29":35,"30":56,"31":44,"32":35,"33":9,"34":8,"35":1,"36":56,"37":50,"38":37,"39":13,"40":8,"41":5,"42":56,"43":50,"44":50,"45":50,"46":50,"47":50,"48":50,"49":50,"50":0,"51":56,"52":48,"53":13,"54":35,"55":35,"56":0,"57":0,"58":0,"59":35,"60":35,"61":35,"62":56,"63":53,"64":45,"65":8,"66":0,"67":0,"68":0,"69":0,"70":0,"71":8,"72":8,"73":8,"74":56,"75":4,"76":4,"77":56,"78":2,"79":2,"80":56,"81":34,"82":34,"83":4,"84":30},"f":{"0":72,"1":32,"2":16,"3":56,"4":44,"5":44,"6":44,"7":50,"8":50,"9":48,"10":0,"11":35,"12":53,"13":0,"14":8,"15":4,"16":2,"17":34},"b":{"0":[72,0],"1":[72,72],"2":[2,70],"3":[12,4],"4":[12,6],"5":[4,2],"6":[44,0],"7":[9,35],"8":[44,10],"9":[44,0],"10":[9,35],"11":[35,9],"12":[8,1],"13":[5,3],"14":[37,13],"15":[8,5],"16":[5,3],"17":[0,50],"18":[0,0],"19":[13,35],"20":[0,0],"21":[0,0],"22":[45,8],"23":[0,0],"24":[0,0],"25":[4,30]},"meta":{"lastBranch":26,"lastFunction":18,"lastStatement":85,"seen":{"s:18:6:18:Infinity":0,"s:20:20:20:Infinity":1,"s:21:21:21:Infinity":2,"s:22:40:22:Infinity":3,"f:24:9:24:44":0,"b:25:2:27:Infinity:undefined:undefined:undefined:undefined":0,"s:25:2:27:Infinity":4,"b:25:6:25:39:25:39:25:58":1,"s:26:4:26:Infinity":5,"b:26:71:26:80:26:80:26:Infinity":2,"s:28:2:28:Infinity":6,"f:31:9:31:23":1,"s:32:27:32:Infinity":7,"s:33:2:33:Infinity":8,"f:36:9:36:28":2,"s:37:14:37:Infinity":9,"s:38:25:38:Infinity":10,"s:39:20:39:Infinity":11,"s:40:18:40:Infinity":12,"b:43:2:49:Infinity:46:9:49:Infinity":3,"s:43:2:49:Infinity":13,"s:45:4:45:Infinity":14,"b:45:11:45:42:45:42:45:Infinity":4,"s:48:4:48:Infinity":15,"b:48:11:48:42:48:42:48:Infinity":5,"f:52:16:52:30":3,"s:53:29:61:Infinity":16,"f:53:49:53:55":4,"b:54:4:59:Infinity:undefined:undefined:undefined:undefined":6,"s:54:4:59:Infinity":17,"s:55:21:55:Infinity":18,"b:56:6:58:Infinity:undefined:undefined:undefined:undefined":7,"s:56:6:58:Infinity":19,"b:56:10:56:20:56:20:56:78":8,"s:57:8:57:Infinity":20,"s:60:4:60:Infinity":21,"s:63:35:75:Infinity":22,"f:63:63:63:69":5,"b:64:4:73:Infinity:undefined:undefined:undefined:undefined":9,"s:64:4:73:Infinity":23,"s:65:21:65:Infinity":24,"b:66:6:72:Infinity:undefined:undefined:undefined:undefined":10,"s:66:6:72:Infinity":25,"s:67:8:71:Infinity":26,"s:68:10:68:Infinity":27,"s:70:10:70:Infinity":28,"s:74:4:74:Infinity":29,"s:77:40:85:Infinity":30,"f:77:71:77:77":6,"b:78:4:80:Infinity:undefined:undefined:undefined:undefined":11,"s:78:4:80:Infinity":31,"s:79:6:79:Infinity":32,"b:81:4:83:Infinity:undefined:undefined:undefined:undefined":12,"s:81:4:83:Infinity":33,"s:82:6:82:Infinity":34,"b:82:44:82:53:82:53:82:Infinity":13,"s:84:4:84:Infinity":35,"s:88:23:96:Infinity":36,"f:88:23:88:47":7,"b:89:4:91:Infinity:undefined:undefined:undefined:undefined":14,"s:89:4:91:Infinity":37,"s:90:6:90:Infinity":38,"b:92:4:94:Infinity:undefined:undefined:undefined:undefined":15,"s:92:4:94:Infinity":39,"s:93:6:93:Infinity":40,"b:93:44:93:53:93:53:93:Infinity":16,"s:95:4:95:Infinity":41,"s:99:2:113:Infinity":42,"f:99:12:99:18":8,"s:100:21:100:Infinity":43,"s:101:4:101:Infinity":44,"s:104:17:104:Infinity":45,"s:105:4:105:Infinity":46,"s:106:4:106:Infinity":47,"s:109:22:109:Infinity":48,"b:110:4:112:Infinity:undefined:undefined:undefined:undefined":17,"s:110:4:112:Infinity":49,"s:111:6:111:Infinity":50,"b:111:62:111:74:111:74:111:83":18,"s:116:2:128:Infinity":51,"f:116:12:116:18":9,"b:117:4:117:Infinity:undefined:undefined:undefined:undefined":19,"s:117:4:117:Infinity":52,"s:117:28:117:Infinity":53,"s:119:23:119:Infinity":54,"s:120:25:124:Infinity":55,"f:120:25:120:26":10,"s:121:6:121:Infinity":56,"b:121:35:121:44:121:44:121:51":20,"s:122:6:122:Infinity":57,"s:123:6:123:Infinity":58,"b:123:57:123:66:123:66:123:73":21,"s:126:4:126:Infinity":59,"s:127:4:127:Infinity":60,"f:127:11:127:17":11,"s:127:17:127:Infinity":61,"s:131:2:146:Infinity":62,"f:131:12:131:18":12,"b:132:4:132:Infinity:undefined:undefined:undefined:undefined":22,"s:132:4:132:Infinity":63,"s:132:30:132:Infinity":64,"s:134:26:141:Infinity":65,"f:134:26:134:32":13,"s:135:26:135:Infinity":66,"b:135:57:135:66:135:66:135:Infinity":23,"b:136:6:140:Infinity:undefined:undefined:undefined:undefined":24,"s:136:6:140:Infinity":67,"s:137:8:137:Infinity":68,"s:138:8:138:Infinity":69,"s:139:8:139:Infinity":70,"s:144:21:144:Infinity":71,"s:145:4:145:Infinity":72,"f:145:11:145:17":14,"s:145:17:145:Infinity":73,"s:148:19:151:Infinity":74,"f:148:19:148:20":15,"s:149:4:149:Infinity":75,"s:150:4:150:Infinity":76,"s:153:22:156:Infinity":77,"f:153:22:153:23":16,"s:154:4:154:Infinity":78,"s:155:4:155:Infinity":79,"s:158:2:161:Infinity":80,"f:165:16:165:27":17,"s:166:8:166:Infinity":81,"b:167:2:169:Infinity:undefined:undefined:undefined:undefined":25,"s:167:2:169:Infinity":82,"s:168:4:168:Infinity":83,"s:170:2:170:Infinity":84}}}
,"/Users/michailgeranis/Code/hive/src/Hive.Desktop/src/hooks/useEscapeKey.ts": {"path":"/Users/michailgeranis/Code/hive/src/Hive.Desktop/src/hooks/useEscapeKey.ts","statementMap":{"0":{"start":{"line":4,"column":8},"end":{"line":4,"column":null}},"1":{"start":{"line":6,"column":2},"end":{"line":17,"column":null}},"2":{"start":{"line":7,"column":4},"end":{"line":7,"column":null}},"3":{"start":{"line":7,"column":19},"end":{"line":7,"column":null}},"4":{"start":{"line":9,"column":26},"end":{"line":13,"column":null}},"5":{"start":{"line":10,"column":6},"end":{"line":12,"column":null}},"6":{"start":{"line":11,"column":8},"end":{"line":11,"column":null}},"7":{"start":{"line":15,"column":4},"end":{"line":15,"column":null}},"8":{"start":{"line":16,"column":4},"end":{"line":16,"column":null}},"9":{"start":{"line":16,"column":17},"end":{"line":16,"column":null}}},"fnMap":{"0":{"name":"useEscapeKey","decl":{"start":{"line":3,"column":16},"end":{"line":3,"column":29}},"loc":{"start":{"line":3,"column":76},"end":{"line":18,"column":null}},"line":3},"1":{"name":"(anonymous_1)","decl":{"start":{"line":6,"column":12},"end":{"line":6,"column":18}},"loc":{"start":{"line":6,"column":18},"end":{"line":17,"column":5}},"line":6},"2":{"name":"(anonymous_2)","decl":{"start":{"line":9,"column":26},"end":{"line":9,"column":27}},"loc":{"start":{"line":9,"column":52},"end":{"line":13,"column":null}},"line":9},"3":{"name":"(anonymous_3)","decl":{"start":{"line":16,"column":11},"end":{"line":16,"column":17}},"loc":{"start":{"line":16,"column":17},"end":{"line":16,"column":null}},"line":16}},"branchMap":{"0":{"loc":{"start":{"line":3,"column":50},"end":{"line":3,"column":76}},"type":"default-arg","locations":[{"start":{"line":3,"column":70},"end":{"line":3,"column":76}}],"line":3},"1":{"loc":{"start":{"line":7,"column":4},"end":{"line":7,"column":null}},"type":"if","locations":[{"start":{"line":7,"column":4},"end":{"line":7,"column":null}},{"start":{},"end":{}}],"line":7},"2":{"loc":{"start":{"line":10,"column":6},"end":{"line":12,"column":null}},"type":"if","locations":[{"start":{"line":10,"column":6},"end":{"line":12,"column":null}},{"start":{},"end":{}}],"line":10}},"s":{"0":12,"1":12,"2":12,"3":3,"4":9,"5":13,"6":10,"7":9,"8":9,"9":9},"f":{"0":12,"1":12,"2":13,"3":9},"b":{"0":[12],"1":[3,9],"2":[10,3]},"meta":{"lastBranch":3,"lastFunction":4,"lastStatement":10,"seen":{"f:3:16:3:29":0,"b:3:70:3:76":0,"s:4:8:4:Infinity":0,"s:6:2:17:Infinity":1,"f:6:12:6:18":1,"b:7:4:7:Infinity:undefined:undefined:undefined:undefined":1,"s:7:4:7:Infinity":2,"s:7:19:7:Infinity":3,"s:9:26:13:Infinity":4,"f:9:26:9:27":2,"b:10:6:12:Infinity:undefined:undefined:undefined:undefined":2,"s:10:6:12:Infinity":5,"s:11:8:11:Infinity":6,"s:15:4:15:Infinity":7,"s:16:4:16:Infinity":8,"f:16:11:16:17":3,"s:16:17:16:Infinity":9}}}
,"/Users/michailgeranis/Code/hive/src/Hive.Desktop/src/services/api.ts": {"path":"/Users/michailgeranis/Code/hive/src/Hive.Desktop/src/services/api.ts","statementMap":{"0":{"start":{"line":53,"column":21},"end":{"line":53,"column":null}},"1":{"start":{"line":56,"column":12},"end":{"line":62,"column":null}},"2":{"start":{"line":65,"column":0},"end":{"line":81,"column":null}},"3":{"start":{"line":67,"column":19},"end":{"line":67,"column":null}},"4":{"start":{"line":68,"column":16},"end":{"line":68,"column":null}},"5":{"start":{"line":71,"column":4},"end":{"line":73,"column":null}},"6":{"start":{"line":72,"column":6},"end":{"line":72,"column":null}},"7":{"start":{"line":75,"column":4},"end":{"line":75,"column":null}},"8":{"start":{"line":78,"column":4},"end":{"line":78,"column":null}},"9":{"start":{"line":79,"column":4},"end":{"line":79,"column":null}},"10":{"start":{"line":84,"column":0},"end":{"line":147,"column":null}},"11":{"start":{"line":86,"column":19},"end":{"line":86,"column":null}},"12":{"start":{"line":87,"column":16},"end":{"line":87,"column":null}},"13":{"start":{"line":88,"column":19},"end":{"line":88,"column":null}},"14":{"start":{"line":91,"column":4},"end":{"line":117,"column":null}},"15":{"start":{"line":92,"column":19},"end":{"line":92,"column":null}},"16":{"start":{"line":93,"column":20},"end":{"line":93,"column":null}},"17":{"start":{"line":96,"column":6},"end":{"line":114,"column":null}},"18":{"start":{"line":97,"column":8},"end":{"line":97,"column":null}},"19":{"start":{"line":98,"column":6},"end":{"line":114,"column":null}},"20":{"start":{"line":99,"column":8},"end":{"line":99,"column":null}},"21":{"start":{"line":100,"column":6},"end":{"line":114,"column":null}},"22":{"start":{"line":101,"column":8},"end":{"line":101,"column":null}},"23":{"start":{"line":102,"column":6},"end":{"line":114,"column":null}},"24":{"start":{"line":103,"column":8},"end":{"line":103,"column":null}},"25":{"start":{"line":103,"column":75},"end":{"line":103,"column":115}},"26":{"start":{"line":103,"column":133},"end":{"line":103,"column":145}},"27":{"start":{"line":104,"column":6},"end":{"line":114,"column":null}},"28":{"start":{"line":105,"column":8},"end":{"line":105,"column":null}},"29":{"start":{"line":106,"column":6},"end":{"line":114,"column":null}},"30":{"start":{"line":107,"column":8},"end":{"line":107,"column":null}},"31":{"start":{"line":108,"column":6},"end":{"line":114,"column":null}},"32":{"start":{"line":109,"column":8},"end":{"line":109,"column":null}},"33":{"start":{"line":110,"column":6},"end":{"line":114,"column":null}},"34":{"start":{"line":111,"column":8},"end":{"line":111,"column":null}},"35":{"start":{"line":112,"column":6},"end":{"line":114,"column":null}},"36":{"start":{"line":113,"column":8},"end":{"line":113,"column":null}},"37":{"start":{"line":116,"column":6},"end":{"line":116,"column":null}},"38":{"start":{"line":119,"column":4},"end":{"line":119,"column":null}},"39":{"start":{"line":122,"column":19},"end":{"line":122,"column":null}},"40":{"start":{"line":123,"column":16},"end":{"line":123,"column":null}},"41":{"start":{"line":124,"column":19},"end":{"line":124,"column":null}},"42":{"start":{"line":125,"column":23},"end":{"line":125,"column":null}},"43":{"start":{"line":126,"column":22},"end":{"line":126,"column":null}},"44":{"start":{"line":128,"column":18},"end":{"line":128,"column":null}},"45":{"start":{"line":131,"column":4},"end":{"line":142,"column":null}},"46":{"start":{"line":132,"column":6},"end":{"line":141,"column":null}},"47":{"start":{"line":133,"column":8},"end":{"line":133,"column":null}},"48":{"start":{"line":134,"column":6},"end":{"line":141,"column":null}},"49":{"start":{"line":135,"column":8},"end":{"line":135,"column":null}},"50":{"start":{"line":136,"column":6},"end":{"line":141,"column":null}},"51":{"start":{"line":137,"column":8},"end":{"line":137,"column":null}},"52":{"start":{"line":138,"column":6},"end":{"line":141,"column":null}},"53":{"start":{"line":139,"column":23},"end":{"line":139,"column":null}},"54":{"start":{"line":140,"column":8},"end":{"line":140,"column":null}},"55":{"start":{"line":144,"column":4},"end":{"line":144,"column":null}},"56":{"start":{"line":145,"column":4},"end":{"line":145,"column":null}},"57":{"start":{"line":150,"column":32},"end":{"line":157,"column":null}},"58":{"start":{"line":151,"column":16},"end":{"line":151,"column":null}},"59":{"start":{"line":151,"column":68},"end":{"line":151,"column":74}},"60":{"start":{"line":152,"column":27},"end":{"line":152,"column":null}},"61":{"start":{"line":152,"column":83},"end":{"line":152,"column":89}},"62":{"start":{"line":153,"column":43},"end":{"line":153,"column":null}},"63":{"start":{"line":153,"column":100},"end":{"line":153,"column":106}},"64":{"start":{"line":154,"column":64},"end":{"line":154,"column":null}},"65":{"start":{"line":154,"column":126},"end":{"line":154,"column":132}},"66":{"start":{"line":155,"column":26},"end":{"line":155,"column":null}},"67":{"start":{"line":156,"column":52},"end":{"line":156,"column":null}},"68":{"start":{"line":156,"column":128},"end":{"line":156,"column":134}},"69":{"start":{"line":160,"column":26},"end":{"line":171,"column":null}},"70":{"start":{"line":161,"column":16},"end":{"line":161,"column":null}},"71":{"start":{"line":161,"column":78},"end":{"line":161,"column":84}},"72":{"start":{"line":162,"column":27},"end":{"line":162,"column":null}},"73":{"start":{"line":162,"column":93},"end":{"line":162,"column":99}},"74":{"start":{"line":164,"column":4},"end":{"line":164,"column":null}},"75":{"start":{"line":164,"column":98},"end":{"line":164,"column":104}},"76":{"start":{"line":165,"column":25},"end":{"line":165,"column":null}},"77":{"start":{"line":165,"column":92},"end":{"line":165,"column":98}},"78":{"start":{"line":166,"column":37},"end":{"line":166,"column":null}},"79":{"start":{"line":166,"column":117},"end":{"line":166,"column":123}},"80":{"start":{"line":167,"column":26},"end":{"line":167,"column":null}},"81":{"start":{"line":167,"column":100},"end":{"line":167,"column":106}},"82":{"start":{"line":168,"column":31},"end":{"line":168,"column":null}},"83":{"start":{"line":168,"column":110},"end":{"line":168,"column":116}},"84":{"start":{"line":169,"column":28},"end":{"line":169,"column":null}},"85":{"start":{"line":169,"column":104},"end":{"line":169,"column":110}},"86":{"start":{"line":170,"column":26},"end":{"line":170,"column":null}},"87":{"start":{"line":174,"column":27},"end":{"line":182,"column":null}},"88":{"start":{"line":175,"column":16},"end":{"line":175,"column":null}},"89":{"start":{"line":175,"column":74},"end":{"line":175,"column":80}},"90":{"start":{"line":176,"column":27},"end":{"line":176,"column":null}},"91":{"start":{"line":176,"column":89},"end":{"line":176,"column":95}},"92":{"start":{"line":178,"column":4},"end":{"line":178,"column":null}},"93":{"start":{"line":178,"column":94},"end":{"line":178,"column":100}},"94":{"start":{"line":179,"column":25},"end":{"line":179,"column":null}},"95":{"start":{"line":179,"column":88},"end":{"line":179,"column":94}},"96":{"start":{"line":180,"column":37},"end":{"line":180,"column":null}},"97":{"start":{"line":180,"column":105},"end":{"line":180,"column":111}},"98":{"start":{"line":181,"column":26},"end":{"line":181,"column":null}},"99":{"start":{"line":185,"column":31},"end":{"line":199,"column":null}},"100":{"start":{"line":187,"column":4},"end":{"line":187,"column":null}},"101":{"start":{"line":187,"column":78},"end":{"line":187,"column":84}},"102":{"start":{"line":189,"column":4},"end":{"line":189,"column":null}},"103":{"start":{"line":189,"column":72},"end":{"line":189,"column":78}},"104":{"start":{"line":191,"column":4},"end":{"line":191,"column":null}},"105":{"start":{"line":191,"column":75},"end":{"line":191,"column":81}},"106":{"start":{"line":193,"column":4},"end":{"line":193,"column":null}},"107":{"start":{"line":193,"column":59},"end":{"line":193,"column":65}},"108":{"start":{"line":195,"column":4},"end":{"line":195,"column":null}},"109":{"start":{"line":195,"column":64},"end":{"line":195,"column":70}},"110":{"start":{"line":197,"column":4},"end":{"line":197,"column":null}},"111":{"start":{"line":197,"column":68},"end":{"line":197,"column":74}},"112":{"start":{"line":198,"column":26},"end":{"line":198,"column":null}},"113":{"start":{"line":202,"column":27},"end":{"line":214,"column":null}},"114":{"start":{"line":203,"column":16},"end":{"line":203,"column":null}},"115":{"start":{"line":203,"column":58},"end":{"line":203,"column":64}},"116":{"start":{"line":204,"column":27},"end":{"line":204,"column":null}},"117":{"start":{"line":204,"column":73},"end":{"line":204,"column":79}},"118":{"start":{"line":205,"column":19},"end":{"line":205,"column":null}},"119":{"start":{"line":205,"column":68},"end":{"line":205,"column":74}},"120":{"start":{"line":206,"column":25},"end":{"line":206,"column":null}},"121":{"start":{"line":206,"column":72},"end":{"line":206,"column":78}},"122":{"start":{"line":207,"column":37},"end":{"line":207,"column":null}},"123":{"start":{"line":207,"column":89},"end":{"line":207,"column":95}},"124":{"start":{"line":208,"column":28},"end":{"line":208,"column":null}},"125":{"start":{"line":208,"column":84},"end":{"line":208,"column":90}},"126":{"start":{"line":209,"column":24},"end":{"line":209,"column":null}},"127":{"start":{"line":209,"column":76},"end":{"line":209,"column":82}},"128":{"start":{"line":210,"column":28},"end":{"line":210,"column":null}},"129":{"start":{"line":210,"column":84},"end":{"line":210,"column":90}},"130":{"start":{"line":211,"column":26},"end":{"line":211,"column":null}},"131":{"start":{"line":211,"column":80},"end":{"line":211,"column":86}},"132":{"start":{"line":212,"column":26},"end":{"line":212,"column":null}},"133":{"start":{"line":212,"column":80},"end":{"line":212,"column":86}},"134":{"start":{"line":213,"column":26},"end":{"line":213,"column":null}},"135":{"start":{"line":217,"column":24},"end":{"line":233,"column":null}},"136":{"start":{"line":218,"column":16},"end":{"line":218,"column":null}},"137":{"start":{"line":218,"column":60},"end":{"line":218,"column":66}},"138":{"start":{"line":219,"column":27},"end":{"line":219,"column":null}},"139":{"start":{"line":219,"column":75},"end":{"line":219,"column":81}},"140":{"start":{"line":220,"column":41},"end":{"line":220,"column":null}},"141":{"start":{"line":220,"column":108},"end":{"line":220,"column":114}},"142":{"start":{"line":221,"column":39},"end":{"line":221,"column":null}},"143":{"start":{"line":221,"column":104},"end":{"line":221,"column":110}},"144":{"start":{"line":222,"column":20},"end":{"line":222,"column":null}},"145":{"start":{"line":222,"column":72},"end":{"line":222,"column":78}},"146":{"start":{"line":223,"column":25},"end":{"line":223,"column":null}},"147":{"start":{"line":223,"column":74},"end":{"line":223,"column":80}},"148":{"start":{"line":224,"column":37},"end":{"line":224,"column":null}},"149":{"start":{"line":224,"column":91},"end":{"line":224,"column":97}},"150":{"start":{"line":226,"column":4},"end":{"line":226,"column":null}},"151":{"start":{"line":226,"column":76},"end":{"line":226,"column":82}},"152":{"start":{"line":227,"column":25},"end":{"line":227,"column":null}},"153":{"start":{"line":227,"column":80},"end":{"line":227,"column":86}},"154":{"start":{"line":229,"column":4},"end":{"line":229,"column":null}},"155":{"start":{"line":229,"column":79},"end":{"line":229,"column":85}},"156":{"start":{"line":230,"column":26},"end":{"line":230,"column":null}},"157":{"start":{"line":230,"column":82},"end":{"line":230,"column":88}},"158":{"start":{"line":231,"column":26},"end":{"line":231,"column":null}},"159":{"start":{"line":232,"column":33},"end":{"line":232,"column":null}},"160":{"start":{"line":236,"column":26},"end":{"line":261,"column":null}},"161":{"start":{"line":238,"column":19},"end":{"line":238,"column":null}},"162":{"start":{"line":239,"column":4},"end":{"line":239,"column":null}},"163":{"start":{"line":239,"column":79},"end":{"line":239,"column":85}},"164":{"start":{"line":241,"column":29},"end":{"line":241,"column":null}},"165":{"start":{"line":241,"column":84},"end":{"line":241,"column":90}},"166":{"start":{"line":242,"column":31},"end":{"line":242,"column":null}},"167":{"start":{"line":242,"column":92},"end":{"line":242,"column":98}},"168":{"start":{"line":243,"column":27},"end":{"line":243,"column":null}},"169":{"start":{"line":243,"column":78},"end":{"line":243,"column":84}},"170":{"start":{"line":244,"column":44},"end":{"line":244,"column":null}},"171":{"start":{"line":244,"column":95},"end":{"line":244,"column":101}},"172":{"start":{"line":245,"column":30},"end":{"line":245,"column":null}},"173":{"start":{"line":245,"column":102},"end":{"line":245,"column":108}},"174":{"start":{"line":246,"column":31},"end":{"line":246,"column":null}},"175":{"start":{"line":246,"column":94},"end":{"line":246,"column":100}},"176":{"start":{"line":247,"column":28},"end":{"line":247,"column":null}},"177":{"start":{"line":247,"column":95},"end":{"line":247,"column":101}},"178":{"start":{"line":249,"column":19},"end":{"line":249,"column":null}},"179":{"start":{"line":250,"column":4},"end":{"line":250,"column":null}},"180":{"start":{"line":250,"column":78},"end":{"line":250,"column":84}},"181":{"start":{"line":253,"column":19},"end":{"line":253,"column":null}},"182":{"start":{"line":254,"column":4},"end":{"line":254,"column":null}},"183":{"start":{"line":254,"column":90},"end":{"line":254,"column":96}},"184":{"start":{"line":256,"column":22},"end":{"line":256,"column":null}},"185":{"start":{"line":256,"column":80},"end":{"line":256,"column":86}},"186":{"start":{"line":258,"column":19},"end":{"line":258,"column":null}},"187":{"start":{"line":259,"column":4},"end":{"line":259,"column":null}},"188":{"start":{"line":259,"column":86},"end":{"line":259,"column":92}},"189":{"start":{"line":264,"column":26},"end":{"line":274,"column":null}},"190":{"start":{"line":265,"column":16},"end":{"line":265,"column":null}},"191":{"start":{"line":265,"column":56},"end":{"line":265,"column":62}},"192":{"start":{"line":266,"column":27},"end":{"line":266,"column":null}},"193":{"start":{"line":266,"column":71},"end":{"line":266,"column":77}},"194":{"start":{"line":267,"column":31},"end":{"line":267,"column":null}},"195":{"start":{"line":267,"column":105},"end":{"line":267,"column":111}},"196":{"start":{"line":268,"column":35},"end":{"line":268,"column":null}},"197":{"start":{"line":268,"column":112},"end":{"line":268,"column":118}},"198":{"start":{"line":269,"column":31},"end":{"line":269,"column":null}},"199":{"start":{"line":269,"column":84},"end":{"line":269,"column":90}},"200":{"start":{"line":271,"column":4},"end":{"line":271,"column":null}},"201":{"start":{"line":271,"column":76},"end":{"line":271,"column":82}},"202":{"start":{"line":272,"column":37},"end":{"line":272,"column":null}},"203":{"start":{"line":272,"column":82},"end":{"line":272,"column":88}},"204":{"start":{"line":273,"column":26},"end":{"line":273,"column":null}},"205":{"start":{"line":277,"column":33},"end":{"line":283,"column":null}},"206":{"start":{"line":278,"column":16},"end":{"line":278,"column":null}},"207":{"start":{"line":278,"column":72},"end":{"line":278,"column":78}},"208":{"start":{"line":279,"column":27},"end":{"line":279,"column":null}},"209":{"start":{"line":279,"column":87},"end":{"line":279,"column":93}},"210":{"start":{"line":280,"column":39},"end":{"line":280,"column":null}},"211":{"start":{"line":280,"column":112},"end":{"line":280,"column":118}},"212":{"start":{"line":281,"column":53},"end":{"line":281,"column":null}},"213":{"start":{"line":281,"column":114},"end":{"line":281,"column":120}},"214":{"start":{"line":282,"column":26},"end":{"line":282,"column":null}},"215":{"start":{"line":286,"column":27},"end":{"line":289,"column":null}},"216":{"start":{"line":287,"column":13},"end":{"line":287,"column":null}},"217":{"start":{"line":287,"column":57},"end":{"line":287,"column":63}},"218":{"start":{"line":288,"column":39},"end":{"line":288,"column":null}},"219":{"start":{"line":288,"column":89},"end":{"line":288,"column":95}},"220":{"start":{"line":293,"column":25},"end":{"line":308,"column":null}},"221":{"start":{"line":294,"column":16},"end":{"line":294,"column":null}},"222":{"start":{"line":294,"column":54},"end":{"line":294,"column":60}},"223":{"start":{"line":295,"column":27},"end":{"line":295,"column":null}},"224":{"start":{"line":295,"column":69},"end":{"line":295,"column":75}},"225":{"start":{"line":297,"column":4},"end":{"line":297,"column":null}},"226":{"start":{"line":297,"column":70},"end":{"line":297,"column":76}},"227":{"start":{"line":299,"column":4},"end":{"line":299,"column":null}},"228":{"start":{"line":299,"column":98},"end":{"line":299,"column":104}},"229":{"start":{"line":300,"column":38},"end":{"line":300,"column":null}},"230":{"start":{"line":300,"column":98},"end":{"line":300,"column":104}},"231":{"start":{"line":301,"column":21},"end":{"line":301,"column":null}},"232":{"start":{"line":301,"column":78},"end":{"line":301,"column":84}},"233":{"start":{"line":303,"column":4},"end":{"line":303,"column":null}},"234":{"start":{"line":303,"column":87},"end":{"line":303,"column":93}},"235":{"start":{"line":304,"column":33},"end":{"line":304,"column":null}},"236":{"start":{"line":304,"column":95},"end":{"line":304,"column":101}},"237":{"start":{"line":305,"column":36},"end":{"line":305,"column":null}},"238":{"start":{"line":305,"column":79},"end":{"line":305,"column":85}},"239":{"start":{"line":306,"column":48},"end":{"line":306,"column":null}},"240":{"start":{"line":306,"column":96},"end":{"line":306,"column":102}},"241":{"start":{"line":307,"column":26},"end":{"line":307,"column":null}},"242":{"start":{"line":311,"column":29},"end":{"line":316,"column":null}},"243":{"start":{"line":313,"column":4},"end":{"line":313,"column":null}},"244":{"start":{"line":313,"column":81},"end":{"line":313,"column":87}},"245":{"start":{"line":315,"column":4},"end":{"line":315,"column":null}},"246":{"start":{"line":315,"column":69},"end":{"line":315,"column":75}},"247":{"start":{"line":319,"column":24},"end":{"line":337,"column":null}},"248":{"start":{"line":320,"column":16},"end":{"line":320,"column":null}},"249":{"start":{"line":320,"column":66},"end":{"line":320,"column":72}},"250":{"start":{"line":321,"column":20},"end":{"line":321,"column":null}},"251":{"start":{"line":321,"column":78},"end":{"line":321,"column":84}},"252":{"start":{"line":322,"column":22},"end":{"line":322,"column":null}},"253":{"start":{"line":322,"column":82},"end":{"line":322,"column":88}},"254":{"start":{"line":323,"column":20},"end":{"line":323,"column":null}},"255":{"start":{"line":323,"column":78},"end":{"line":323,"column":84}},"256":{"start":{"line":324,"column":29},"end":{"line":324,"column":null}},"257":{"start":{"line":324,"column":113},"end":{"line":324,"column":119}},"258":{"start":{"line":326,"column":19},"end":{"line":326,"column":null}},"259":{"start":{"line":327,"column":4},"end":{"line":327,"column":null}},"260":{"start":{"line":327,"column":11},"end":{"line":327,"column":null}},"261":{"start":{"line":328,"column":4},"end":{"line":328,"column":null}},"262":{"start":{"line":328,"column":13},"end":{"line":328,"column":null}},"263":{"start":{"line":329,"column":4},"end":{"line":329,"column":null}},"264":{"start":{"line":329,"column":89},"end":{"line":329,"column":95}},"265":{"start":{"line":331,"column":17},"end":{"line":331,"column":null}},"266":{"start":{"line":331,"column":67},"end":{"line":331,"column":73}},"267":{"start":{"line":332,"column":27},"end":{"line":332,"column":null}},"268":{"start":{"line":332,"column":81},"end":{"line":332,"column":87}},"269":{"start":{"line":333,"column":42},"end":{"line":333,"column":null}},"270":{"start":{"line":333,"column":97},"end":{"line":333,"column":103}},"271":{"start":{"line":334,"column":54},"end":{"line":334,"column":null}},"272":{"start":{"line":334,"column":114},"end":{"line":334,"column":120}},"273":{"start":{"line":335,"column":26},"end":{"line":335,"column":null}},"274":{"start":{"line":335,"column":88},"end":{"line":335,"column":94}},"275":{"start":{"line":336,"column":26},"end":{"line":336,"column":null}},"276":{"start":{"line":340,"column":28},"end":{"line":347,"column":null}},"277":{"start":{"line":341,"column":16},"end":{"line":341,"column":null}},"278":{"start":{"line":341,"column":60},"end":{"line":341,"column":66}},"279":{"start":{"line":342,"column":27},"end":{"line":342,"column":null}},"280":{"start":{"line":342,"column":75},"end":{"line":342,"column":81}},"281":{"start":{"line":343,"column":31},"end":{"line":343,"column":null}},"282":{"start":{"line":343,"column":116},"end":{"line":343,"column":122}},"283":{"start":{"line":344,"column":39},"end":{"line":344,"column":null}},"284":{"start":{"line":344,"column":88},"end":{"line":344,"column":94}},"285":{"start":{"line":345,"column":51},"end":{"line":345,"column":null}},"286":{"start":{"line":345,"column":105},"end":{"line":345,"column":111}},"287":{"start":{"line":346,"column":26},"end":{"line":346,"column":null}},"288":{"start":{"line":350,"column":26},"end":{"line":357,"column":null}},"289":{"start":{"line":351,"column":16},"end":{"line":351,"column":null}},"290":{"start":{"line":351,"column":56},"end":{"line":351,"column":62}},"291":{"start":{"line":352,"column":27},"end":{"line":352,"column":null}},"292":{"start":{"line":352,"column":71},"end":{"line":352,"column":77}},"293":{"start":{"line":353,"column":31},"end":{"line":353,"column":null}},"294":{"start":{"line":353,"column":105},"end":{"line":353,"column":111}},"295":{"start":{"line":354,"column":37},"end":{"line":354,"column":null}},"296":{"start":{"line":354,"column":82},"end":{"line":354,"column":88}},"297":{"start":{"line":355,"column":49},"end":{"line":355,"column":null}},"298":{"start":{"line":355,"column":99},"end":{"line":355,"column":105}},"299":{"start":{"line":356,"column":26},"end":{"line":356,"column":null}},"300":{"start":{"line":360,"column":25},"end":{"line":363,"column":null}},"301":{"start":{"line":361,"column":16},"end":{"line":361,"column":null}},"302":{"start":{"line":361,"column":63},"end":{"line":361,"column":69}},"303":{"start":{"line":362,"column":31},"end":{"line":362,"column":null}},"304":{"start":{"line":362,"column":92},"end":{"line":362,"column":98}}},"fnMap":{"0":{"name":"(anonymous_0)","decl":{"start":{"line":66,"column":2},"end":{"line":66,"column":3}},"loc":{"start":{"line":66,"column":14},"end":{"line":76,"column":null}},"line":66},"1":{"name":"(anonymous_1)","decl":{"start":{"line":77,"column":2},"end":{"line":77,"column":3}},"loc":{"start":{"line":77,"column":13},"end":{"line":80,"column":null}},"line":77},"2":{"name":"(anonymous_2)","decl":{"start":{"line":85,"column":2},"end":{"line":85,"column":3}},"loc":{"start":{"line":85,"column":16},"end":{"line":120,"column":null}},"line":85},"3":{"name":"(anonymous_3)","decl":{"start":{"line":103,"column":63},"end":{"line":103,"column":64}},"loc":{"start":{"line":103,"column":75},"end":{"line":103,"column":115}},"line":103},"4":{"name":"(anonymous_4)","decl":{"start":{"line":103,"column":121},"end":{"line":103,"column":122}},"loc":{"start":{"line":103,"column":133},"end":{"line":103,"column":145}},"line":103},"5":{"name":"(anonymous_5)","decl":{"start":{"line":121,"column":2},"end":{"line":121,"column":3}},"loc":{"start":{"line":121,"column":13},"end":{"line":146,"column":null}},"line":121},"6":{"name":"(anonymous_6)","decl":{"start":{"line":151,"column":10},"end":{"line":151,"column":16}},"loc":{"start":{"line":151,"column":16},"end":{"line":151,"column":null}},"line":151},"7":{"name":"(anonymous_7)","decl":{"start":{"line":151,"column":63},"end":{"line":151,"column":68}},"loc":{"start":{"line":151,"column":68},"end":{"line":151,"column":74}},"line":151},"8":{"name":"(anonymous_8)","decl":{"start":{"line":152,"column":11},"end":{"line":152,"column":12}},"loc":{"start":{"line":152,"column":27},"end":{"line":152,"column":null}},"line":152},"9":{"name":"(anonymous_9)","decl":{"start":{"line":152,"column":78},"end":{"line":152,"column":83}},"loc":{"start":{"line":152,"column":83},"end":{"line":152,"column":89}},"line":152},"10":{"name":"(anonymous_10)","decl":{"start":{"line":153,"column":10},"end":{"line":153,"column":11}},"loc":{"start":{"line":153,"column":43},"end":{"line":153,"column":null}},"line":153},"11":{"name":"(anonymous_11)","decl":{"start":{"line":153,"column":95},"end":{"line":153,"column":100}},"loc":{"start":{"line":153,"column":100},"end":{"line":153,"column":106}},"line":153},"12":{"name":"(anonymous_12)","decl":{"start":{"line":154,"column":10},"end":{"line":154,"column":11}},"loc":{"start":{"line":154,"column":64},"end":{"line":154,"column":null}},"line":154},"13":{"name":"(anonymous_13)","decl":{"start":{"line":154,"column":121},"end":{"line":154,"column":126}},"loc":{"start":{"line":154,"column":126},"end":{"line":154,"column":132}},"line":154},"14":{"name":"(anonymous_14)","decl":{"start":{"line":155,"column":10},"end":{"line":155,"column":11}},"loc":{"start":{"line":155,"column":26},"end":{"line":155,"column":null}},"line":155},"15":{"name":"(anonymous_15)","decl":{"start":{"line":156,"column":14},"end":{"line":156,"column":15}},"loc":{"start":{"line":156,"column":52},"end":{"line":156,"column":null}},"line":156},"16":{"name":"(anonymous_16)","decl":{"start":{"line":156,"column":123},"end":{"line":156,"column":128}},"loc":{"start":{"line":156,"column":128},"end":{"line":156,"column":134}},"line":156},"17":{"name":"(anonymous_17)","decl":{"start":{"line":161,"column":10},"end":{"line":161,"column":16}},"loc":{"start":{"line":161,"column":16},"end":{"line":161,"column":null}},"line":161},"18":{"name":"(anonymous_18)","decl":{"start":{"line":161,"column":73},"end":{"line":161,"column":78}},"loc":{"start":{"line":161,"column":78},"end":{"line":161,"column":84}},"line":161},"19":{"name":"(anonymous_19)","decl":{"start":{"line":162,"column":11},"end":{"line":162,"column":12}},"loc":{"start":{"line":162,"column":27},"end":{"line":162,"column":null}},"line":162},"20":{"name":"(anonymous_20)","decl":{"start":{"line":162,"column":88},"end":{"line":162,"column":93}},"loc":{"start":{"line":162,"column":93},"end":{"line":162,"column":99}},"line":162},"21":{"name":"(anonymous_21)","decl":{"start":{"line":163,"column":21},"end":{"line":163,"column":22}},"loc":{"start":{"line":164,"column":4},"end":{"line":164,"column":null}},"line":164},"22":{"name":"(anonymous_22)","decl":{"start":{"line":164,"column":93},"end":{"line":164,"column":98}},"loc":{"start":{"line":164,"column":98},"end":{"line":164,"column":104}},"line":164},"23":{"name":"(anonymous_23)","decl":{"start":{"line":165,"column":10},"end":{"line":165,"column":11}},"loc":{"start":{"line":165,"column":25},"end":{"line":165,"column":null}},"line":165},"24":{"name":"(anonymous_24)","decl":{"start":{"line":165,"column":87},"end":{"line":165,"column":92}},"loc":{"start":{"line":165,"column":92},"end":{"line":165,"column":98}},"line":165},"25":{"name":"(anonymous_25)","decl":{"start":{"line":166,"column":10},"end":{"line":166,"column":11}},"loc":{"start":{"line":166,"column":37},"end":{"line":166,"column":null}},"line":166},"26":{"name":"(anonymous_26)","decl":{"start":{"line":166,"column":112},"end":{"line":166,"column":117}},"loc":{"start":{"line":166,"column":117},"end":{"line":166,"column":123}},"line":166},"27":{"name":"(anonymous_27)","decl":{"start":{"line":167,"column":10},"end":{"line":167,"column":11}},"loc":{"start":{"line":167,"column":26},"end":{"line":167,"column":null}},"line":167},"28":{"name":"(anonymous_28)","decl":{"start":{"line":167,"column":95},"end":{"line":167,"column":100}},"loc":{"start":{"line":167,"column":100},"end":{"line":167,"column":106}},"line":167},"29":{"name":"(anonymous_29)","decl":{"start":{"line":168,"column":15},"end":{"line":168,"column":16}},"loc":{"start":{"line":168,"column":31},"end":{"line":168,"column":null}},"line":168},"30":{"name":"(anonymous_30)","decl":{"start":{"line":168,"column":105},"end":{"line":168,"column":110}},"loc":{"start":{"line":168,"column":110},"end":{"line":168,"column":116}},"line":168},"31":{"name":"(anonymous_31)","decl":{"start":{"line":169,"column":12},"end":{"line":169,"column":13}},"loc":{"start":{"line":169,"column":28},"end":{"line":169,"column":null}},"line":169},"32":{"name":"(anonymous_32)","decl":{"start":{"line":169,"column":99},"end":{"line":169,"column":104}},"loc":{"start":{"line":169,"column":104},"end":{"line":169,"column":110}},"line":169},"33":{"name":"(anonymous_33)","decl":{"start":{"line":170,"column":10},"end":{"line":170,"column":11}},"loc":{"start":{"line":170,"column":26},"end":{"line":170,"column":null}},"line":170},"34":{"name":"(anonymous_34)","decl":{"start":{"line":175,"column":10},"end":{"line":175,"column":16}},"loc":{"start":{"line":175,"column":16},"end":{"line":175,"column":null}},"line":175},"35":{"name":"(anonymous_35)","decl":{"start":{"line":175,"column":69},"end":{"line":175,"column":74}},"loc":{"start":{"line":175,"column":74},"end":{"line":175,"column":80}},"line":175},"36":{"name":"(anonymous_36)","decl":{"start":{"line":176,"column":11},"end":{"line":176,"column":12}},"loc":{"start":{"line":176,"column":27},"end":{"line":176,"column":null}},"line":176},"37":{"name":"(anonymous_37)","decl":{"start":{"line":176,"column":84},"end":{"line":176,"column":89}},"loc":{"start":{"line":176,"column":89},"end":{"line":176,"column":95}},"line":176},"38":{"name":"(anonymous_38)","decl":{"start":{"line":177,"column":21},"end":{"line":177,"column":22}},"loc":{"start":{"line":178,"column":4},"end":{"line":178,"column":null}},"line":178},"39":{"name":"(anonymous_39)","decl":{"start":{"line":178,"column":89},"end":{"line":178,"column":94}},"loc":{"start":{"line":178,"column":94},"end":{"line":178,"column":100}},"line":178},"40":{"name":"(anonymous_40)","decl":{"start":{"line":179,"column":10},"end":{"line":179,"column":11}},"loc":{"start":{"line":179,"column":25},"end":{"line":179,"column":null}},"line":179},"41":{"name":"(anonymous_41)","decl":{"start":{"line":179,"column":83},"end":{"line":179,"column":88}},"loc":{"start":{"line":179,"column":88},"end":{"line":179,"column":94}},"line":179},"42":{"name":"(anonymous_42)","decl":{"start":{"line":180,"column":10},"end":{"line":180,"column":11}},"loc":{"start":{"line":180,"column":37},"end":{"line":180,"column":null}},"line":180},"43":{"name":"(anonymous_43)","decl":{"start":{"line":180,"column":100},"end":{"line":180,"column":105}},"loc":{"start":{"line":180,"column":105},"end":{"line":180,"column":111}},"line":180},"44":{"name":"(anonymous_44)","decl":{"start":{"line":181,"column":10},"end":{"line":181,"column":11}},"loc":{"start":{"line":181,"column":26},"end":{"line":181,"column":null}},"line":181},"45":{"name":"(anonymous_45)","decl":{"start":{"line":186,"column":16},"end":{"line":186,"column":17}},"loc":{"start":{"line":187,"column":4},"end":{"line":187,"column":null}},"line":187},"46":{"name":"(anonymous_46)","decl":{"start":{"line":187,"column":73},"end":{"line":187,"column":78}},"loc":{"start":{"line":187,"column":78},"end":{"line":187,"column":84}},"line":187},"47":{"name":"(anonymous_47)","decl":{"start":{"line":188,"column":22},"end":{"line":188,"column":null}},"loc":{"start":{"line":189,"column":4},"end":{"line":189,"column":null}},"line":189},"48":{"name":"(anonymous_48)","decl":{"start":{"line":189,"column":67},"end":{"line":189,"column":72}},"loc":{"start":{"line":189,"column":72},"end":{"line":189,"column":78}},"line":189},"49":{"name":"(anonymous_49)","decl":{"start":{"line":190,"column":25},"end":{"line":190,"column":null}},"loc":{"start":{"line":191,"column":4},"end":{"line":191,"column":null}},"line":191},"50":{"name":"(anonymous_50)","decl":{"start":{"line":191,"column":70},"end":{"line":191,"column":75}},"loc":{"start":{"line":191,"column":75},"end":{"line":191,"column":81}},"line":191},"51":{"name":"(anonymous_51)","decl":{"start":{"line":192,"column":10},"end":{"line":192,"column":11}},"loc":{"start":{"line":193,"column":4},"end":{"line":193,"column":null}},"line":193},"52":{"name":"(anonymous_52)","decl":{"start":{"line":193,"column":54},"end":{"line":193,"column":59}},"loc":{"start":{"line":193,"column":59},"end":{"line":193,"column":65}},"line":193},"53":{"name":"(anonymous_53)","decl":{"start":{"line":194,"column":10},"end":{"line":194,"column":11}},"loc":{"start":{"line":195,"column":4},"end":{"line":195,"column":null}},"line":195},"54":{"name":"(anonymous_54)","decl":{"start":{"line":195,"column":59},"end":{"line":195,"column":64}},"loc":{"start":{"line":195,"column":64},"end":{"line":195,"column":70}},"line":195},"55":{"name":"(anonymous_55)","decl":{"start":{"line":196,"column":18},"end":{"line":196,"column":19}},"loc":{"start":{"line":197,"column":4},"end":{"line":197,"column":null}},"line":197},"56":{"name":"(anonymous_56)","decl":{"start":{"line":197,"column":63},"end":{"line":197,"column":68}},"loc":{"start":{"line":197,"column":68},"end":{"line":197,"column":74}},"line":197},"57":{"name":"(anonymous_57)","decl":{"start":{"line":198,"column":10},"end":{"line":198,"column":11}},"loc":{"start":{"line":198,"column":26},"end":{"line":198,"column":null}},"line":198},"58":{"name":"(anonymous_58)","decl":{"start":{"line":203,"column":10},"end":{"line":203,"column":16}},"loc":{"start":{"line":203,"column":16},"end":{"line":203,"column":null}},"line":203},"59":{"name":"(anonymous_59)","decl":{"start":{"line":203,"column":53},"end":{"line":203,"column":58}},"loc":{"start":{"line":203,"column":58},"end":{"line":203,"column":64}},"line":203},"60":{"name":"(anonymous_60)","decl":{"start":{"line":204,"column":11},"end":{"line":204,"column":12}},"loc":{"start":{"line":204,"column":27},"end":{"line":204,"column":null}},"line":204},"61":{"name":"(anonymous_61)","decl":{"start":{"line":204,"column":68},"end":{"line":204,"column":73}},"loc":{"start":{"line":204,"column":73},"end":{"line":204,"column":79}},"line":204},"62":{"name":"(anonymous_62)","decl":{"start":{"line":205,"column":13},"end":{"line":205,"column":19}},"loc":{"start":{"line":205,"column":19},"end":{"line":205,"column":null}},"line":205},"63":{"name":"(anonymous_63)","decl":{"start":{"line":205,"column":63},"end":{"line":205,"column":68}},"loc":{"start":{"line":205,"column":68},"end":{"line":205,"column":74}},"line":205},"64":{"name":"(anonymous_64)","decl":{"start":{"line":206,"column":10},"end":{"line":206,"column":11}},"loc":{"start":{"line":206,"column":25},"end":{"line":206,"column":null}},"line":206},"65":{"name":"(anonymous_65)","decl":{"start":{"line":206,"column":67},"end":{"line":206,"column":72}},"loc":{"start":{"line":206,"column":72},"end":{"line":206,"column":78}},"line":206},"66":{"name":"(anonymous_66)","decl":{"start":{"line":207,"column":10},"end":{"line":207,"column":11}},"loc":{"start":{"line":207,"column":37},"end":{"line":207,"column":null}},"line":207},"67":{"name":"(anonymous_67)","decl":{"start":{"line":207,"column":84},"end":{"line":207,"column":89}},"loc":{"start":{"line":207,"column":89},"end":{"line":207,"column":95}},"line":207},"68":{"name":"(anonymous_68)","decl":{"start":{"line":208,"column":12},"end":{"line":208,"column":13}},"loc":{"start":{"line":208,"column":28},"end":{"line":208,"column":null}},"line":208},"69":{"name":"(anonymous_69)","decl":{"start":{"line":208,"column":79},"end":{"line":208,"column":84}},"loc":{"start":{"line":208,"column":84},"end":{"line":208,"column":90}},"line":208},"70":{"name":"(anonymous_70)","decl":{"start":{"line":209,"column":8},"end":{"line":209,"column":9}},"loc":{"start":{"line":209,"column":24},"end":{"line":209,"column":null}},"line":209},"71":{"name":"(anonymous_71)","decl":{"start":{"line":209,"column":71},"end":{"line":209,"column":76}},"loc":{"start":{"line":209,"column":76},"end":{"line":209,"column":82}},"line":209},"72":{"name":"(anonymous_72)","decl":{"start":{"line":210,"column":12},"end":{"line":210,"column":13}},"loc":{"start":{"line":210,"column":28},"end":{"line":210,"column":null}},"line":210},"73":{"name":"(anonymous_73)","decl":{"start":{"line":210,"column":79},"end":{"line":210,"column":84}},"loc":{"start":{"line":210,"column":84},"end":{"line":210,"column":90}},"line":210},"74":{"name":"(anonymous_74)","decl":{"start":{"line":211,"column":10},"end":{"line":211,"column":11}},"loc":{"start":{"line":211,"column":26},"end":{"line":211,"column":null}},"line":211},"75":{"name":"(anonymous_75)","decl":{"start":{"line":211,"column":75},"end":{"line":211,"column":80}},"loc":{"start":{"line":211,"column":80},"end":{"line":211,"column":86}},"line":211},"76":{"name":"(anonymous_76)","decl":{"start":{"line":212,"column":10},"end":{"line":212,"column":11}},"loc":{"start":{"line":212,"column":26},"end":{"line":212,"column":null}},"line":212},"77":{"name":"(anonymous_77)","decl":{"start":{"line":212,"column":75},"end":{"line":212,"column":80}},"loc":{"start":{"line":212,"column":80},"end":{"line":212,"column":86}},"line":212},"78":{"name":"(anonymous_78)","decl":{"start":{"line":213,"column":10},"end":{"line":213,"column":11}},"loc":{"start":{"line":213,"column":26},"end":{"line":213,"column":null}},"line":213},"79":{"name":"(anonymous_79)","decl":{"start":{"line":218,"column":10},"end":{"line":218,"column":16}},"loc":{"start":{"line":218,"column":16},"end":{"line":218,"column":null}},"line":218},"80":{"name":"(anonymous_80)","decl":{"start":{"line":218,"column":55},"end":{"line":218,"column":60}},"loc":{"start":{"line":218,"column":60},"end":{"line":218,"column":66}},"line":218},"81":{"name":"(anonymous_81)","decl":{"start":{"line":219,"column":11},"end":{"line":219,"column":12}},"loc":{"start":{"line":219,"column":27},"end":{"line":219,"column":null}},"line":219},"82":{"name":"(anonymous_82)","decl":{"start":{"line":219,"column":70},"end":{"line":219,"column":75}},"loc":{"start":{"line":219,"column":75},"end":{"line":219,"column":81}},"line":219},"83":{"name":"(anonymous_83)","decl":{"start":{"line":220,"column":17},"end":{"line":220,"column":18}},"loc":{"start":{"line":220,"column":41},"end":{"line":220,"column":null}},"line":220},"84":{"name":"(anonymous_84)","decl":{"start":{"line":220,"column":103},"end":{"line":220,"column":108}},"loc":{"start":{"line":220,"column":108},"end":{"line":220,"column":114}},"line":220},"85":{"name":"(anonymous_85)","decl":{"start":{"line":221,"column":16},"end":{"line":221,"column":17}},"loc":{"start":{"line":221,"column":39},"end":{"line":221,"column":null}},"line":221},"86":{"name":"(anonymous_86)","decl":{"start":{"line":221,"column":99},"end":{"line":221,"column":104}},"loc":{"start":{"line":221,"column":104},"end":{"line":221,"column":110}},"line":221},"87":{"name":"(anonymous_87)","decl":{"start":{"line":222,"column":14},"end":{"line":222,"column":20}},"loc":{"start":{"line":222,"column":20},"end":{"line":222,"column":null}},"line":222},"88":{"name":"(anonymous_88)","decl":{"start":{"line":222,"column":67},"end":{"line":222,"column":72}},"loc":{"start":{"line":222,"column":72},"end":{"line":222,"column":78}},"line":222},"89":{"name":"(anonymous_89)","decl":{"start":{"line":223,"column":10},"end":{"line":223,"column":11}},"loc":{"start":{"line":223,"column":25},"end":{"line":223,"column":null}},"line":223},"90":{"name":"(anonymous_90)","decl":{"start":{"line":223,"column":69},"end":{"line":223,"column":74}},"loc":{"start":{"line":223,"column":74},"end":{"line":223,"column":80}},"line":223},"91":{"name":"(anonymous_91)","decl":{"start":{"line":224,"column":10},"end":{"line":224,"column":11}},"loc":{"start":{"line":224,"column":37},"end":{"line":224,"column":null}},"line":224},"92":{"name":"(anonymous_92)","decl":{"start":{"line":224,"column":86},"end":{"line":224,"column":91}},"loc":{"start":{"line":224,"column":91},"end":{"line":224,"column":97}},"line":224},"93":{"name":"(anonymous_93)","decl":{"start":{"line":225,"column":10},"end":{"line":225,"column":11}},"loc":{"start":{"line":226,"column":4},"end":{"line":226,"column":null}},"line":226},"94":{"name":"(anonymous_94)","decl":{"start":{"line":226,"column":71},"end":{"line":226,"column":76}},"loc":{"start":{"line":226,"column":76},"end":{"line":226,"column":82}},"line":226},"95":{"name":"(anonymous_95)","decl":{"start":{"line":227,"column":9},"end":{"line":227,"column":10}},"loc":{"start":{"line":227,"column":25},"end":{"line":227,"column":null}},"line":227},"96":{"name":"(anonymous_96)","decl":{"start":{"line":227,"column":75},"end":{"line":227,"column":80}},"loc":{"start":{"line":227,"column":80},"end":{"line":227,"column":86}},"line":227},"97":{"name":"(anonymous_97)","decl":{"start":{"line":228,"column":12},"end":{"line":228,"column":13}},"loc":{"start":{"line":229,"column":4},"end":{"line":229,"column":null}},"line":229},"98":{"name":"(anonymous_98)","decl":{"start":{"line":229,"column":74},"end":{"line":229,"column":79}},"loc":{"start":{"line":229,"column":79},"end":{"line":229,"column":85}},"line":229},"99":{"name":"(anonymous_99)","decl":{"start":{"line":230,"column":10},"end":{"line":230,"column":11}},"loc":{"start":{"line":230,"column":26},"end":{"line":230,"column":null}},"line":230},"100":{"name":"(anonymous_100)","decl":{"start":{"line":230,"column":77},"end":{"line":230,"column":82}},"loc":{"start":{"line":230,"column":82},"end":{"line":230,"column":88}},"line":230},"101":{"name":"(anonymous_101)","decl":{"start":{"line":231,"column":10},"end":{"line":231,"column":11}},"loc":{"start":{"line":231,"column":26},"end":{"line":231,"column":null}},"line":231},"102":{"name":"(anonymous_102)","decl":{"start":{"line":232,"column":14},"end":{"line":232,"column":15}},"loc":{"start":{"line":232,"column":33},"end":{"line":232,"column":null}},"line":232},"103":{"name":"(anonymous_103)","decl":{"start":{"line":237,"column":16},"end":{"line":237,"column":17}},"loc":{"start":{"line":237,"column":42},"end":{"line":240,"column":null}},"line":237},"104":{"name":"(anonymous_104)","decl":{"start":{"line":239,"column":74},"end":{"line":239,"column":79}},"loc":{"start":{"line":239,"column":79},"end":{"line":239,"column":85}},"line":239},"105":{"name":"(anonymous_105)","decl":{"start":{"line":241,"column":23},"end":{"line":241,"column":29}},"loc":{"start":{"line":241,"column":29},"end":{"line":241,"column":null}},"line":241},"106":{"name":"(anonymous_106)","decl":{"start":{"line":241,"column":79},"end":{"line":241,"column":84}},"loc":{"start":{"line":241,"column":84},"end":{"line":241,"column":90}},"line":241},"107":{"name":"(anonymous_107)","decl":{"start":{"line":242,"column":25},"end":{"line":242,"column":31}},"loc":{"start":{"line":242,"column":31},"end":{"line":242,"column":null}},"line":242},"108":{"name":"(anonymous_108)","decl":{"start":{"line":242,"column":87},"end":{"line":242,"column":92}},"loc":{"start":{"line":242,"column":92},"end":{"line":242,"column":98}},"line":242},"109":{"name":"(anonymous_109)","decl":{"start":{"line":243,"column":21},"end":{"line":243,"column":27}},"loc":{"start":{"line":243,"column":27},"end":{"line":243,"column":null}},"line":243},"110":{"name":"(anonymous_110)","decl":{"start":{"line":243,"column":73},"end":{"line":243,"column":78}},"loc":{"start":{"line":243,"column":78},"end":{"line":243,"column":84}},"line":243},"111":{"name":"(anonymous_111)","decl":{"start":{"line":244,"column":28},"end":{"line":244,"column":29}},"loc":{"start":{"line":244,"column":44},"end":{"line":244,"column":null}},"line":244},"112":{"name":"(anonymous_112)","decl":{"start":{"line":244,"column":90},"end":{"line":244,"column":95}},"loc":{"start":{"line":244,"column":95},"end":{"line":244,"column":101}},"line":244},"113":{"name":"(anonymous_113)","decl":{"start":{"line":245,"column":24},"end":{"line":245,"column":30}},"loc":{"start":{"line":245,"column":30},"end":{"line":245,"column":null}},"line":245},"114":{"name":"(anonymous_114)","decl":{"start":{"line":245,"column":97},"end":{"line":245,"column":102}},"loc":{"start":{"line":245,"column":102},"end":{"line":245,"column":108}},"line":245},"115":{"name":"(anonymous_115)","decl":{"start":{"line":246,"column":25},"end":{"line":246,"column":31}},"loc":{"start":{"line":246,"column":31},"end":{"line":246,"column":null}},"line":246},"116":{"name":"(anonymous_116)","decl":{"start":{"line":246,"column":89},"end":{"line":246,"column":94}},"loc":{"start":{"line":246,"column":94},"end":{"line":246,"column":100}},"line":246},"117":{"name":"(anonymous_117)","decl":{"start":{"line":247,"column":22},"end":{"line":247,"column":28}},"loc":{"start":{"line":247,"column":28},"end":{"line":247,"column":null}},"line":247},"118":{"name":"(anonymous_118)","decl":{"start":{"line":247,"column":90},"end":{"line":247,"column":95}},"loc":{"start":{"line":247,"column":95},"end":{"line":247,"column":101}},"line":247},"119":{"name":"(anonymous_119)","decl":{"start":{"line":248,"column":19},"end":{"line":248,"column":20}},"loc":{"start":{"line":248,"column":45},"end":{"line":251,"column":null}},"line":248},"120":{"name":"(anonymous_120)","decl":{"start":{"line":250,"column":73},"end":{"line":250,"column":78}},"loc":{"start":{"line":250,"column":78},"end":{"line":250,"column":84}},"line":250},"121":{"name":"(anonymous_121)","decl":{"start":{"line":252,"column":25},"end":{"line":252,"column":26}},"loc":{"start":{"line":252,"column":51},"end":{"line":255,"column":null}},"line":252},"122":{"name":"(anonymous_122)","decl":{"start":{"line":254,"column":85},"end":{"line":254,"column":90}},"loc":{"start":{"line":254,"column":90},"end":{"line":254,"column":96}},"line":254},"123":{"name":"(anonymous_123)","decl":{"start":{"line":256,"column":16},"end":{"line":256,"column":22}},"loc":{"start":{"line":256,"column":22},"end":{"line":256,"column":null}},"line":256},"124":{"name":"(anonymous_124)","decl":{"start":{"line":256,"column":75},"end":{"line":256,"column":80}},"loc":{"start":{"line":256,"column":80},"end":{"line":256,"column":86}},"line":256},"125":{"name":"(anonymous_125)","decl":{"start":{"line":257,"column":23},"end":{"line":257,"column":24}},"loc":{"start":{"line":257,"column":49},"end":{"line":260,"column":null}},"line":257},"126":{"name":"(anonymous_126)","decl":{"start":{"line":259,"column":81},"end":{"line":259,"column":86}},"loc":{"start":{"line":259,"column":86},"end":{"line":259,"column":92}},"line":259},"127":{"name":"(anonymous_127)","decl":{"start":{"line":265,"column":10},"end":{"line":265,"column":16}},"loc":{"start":{"line":265,"column":16},"end":{"line":265,"column":null}},"line":265},"128":{"name":"(anonymous_128)","decl":{"start":{"line":265,"column":51},"end":{"line":265,"column":56}},"loc":{"start":{"line":265,"column":56},"end":{"line":265,"column":62}},"line":265},"129":{"name":"(anonymous_129)","decl":{"start":{"line":266,"column":11},"end":{"line":266,"column":12}},"loc":{"start":{"line":266,"column":27},"end":{"line":266,"column":null}},"line":266},"130":{"name":"(anonymous_130)","decl":{"start":{"line":266,"column":66},"end":{"line":266,"column":71}},"loc":{"start":{"line":266,"column":71},"end":{"line":266,"column":77}},"line":266},"131":{"name":"(anonymous_131)","decl":{"start":{"line":267,"column":13},"end":{"line":267,"column":14}},"loc":{"start":{"line":267,"column":31},"end":{"line":267,"column":null}},"line":267},"132":{"name":"(anonymous_132)","decl":{"start":{"line":267,"column":100},"end":{"line":267,"column":105}},"loc":{"start":{"line":267,"column":105},"end":{"line":267,"column":111}},"line":267},"133":{"name":"(anonymous_133)","decl":{"start":{"line":268,"column":13},"end":{"line":268,"column":14}},"loc":{"start":{"line":268,"column":35},"end":{"line":268,"column":null}},"line":268},"134":{"name":"(anonymous_134)","decl":{"start":{"line":268,"column":107},"end":{"line":268,"column":112}},"loc":{"start":{"line":268,"column":112},"end":{"line":268,"column":118}},"line":268},"135":{"name":"(anonymous_135)","decl":{"start":{"line":269,"column":13},"end":{"line":269,"column":14}},"loc":{"start":{"line":269,"column":31},"end":{"line":269,"column":null}},"line":269},"136":{"name":"(anonymous_136)","decl":{"start":{"line":269,"column":79},"end":{"line":269,"column":84}},"loc":{"start":{"line":269,"column":84},"end":{"line":269,"column":90}},"line":269},"137":{"name":"(anonymous_137)","decl":{"start":{"line":270,"column":20},"end":{"line":270,"column":21}},"loc":{"start":{"line":271,"column":4},"end":{"line":271,"column":null}},"line":271},"138":{"name":"(anonymous_138)","decl":{"start":{"line":271,"column":71},"end":{"line":271,"column":76}},"loc":{"start":{"line":271,"column":76},"end":{"line":271,"column":82}},"line":271},"139":{"name":"(anonymous_139)","decl":{"start":{"line":272,"column":10},"end":{"line":272,"column":11}},"loc":{"start":{"line":272,"column":37},"end":{"line":272,"column":null}},"line":272},"140":{"name":"(anonymous_140)","decl":{"start":{"line":272,"column":77},"end":{"line":272,"column":82}},"loc":{"start":{"line":272,"column":82},"end":{"line":272,"column":88}},"line":272},"141":{"name":"(anonymous_141)","decl":{"start":{"line":273,"column":10},"end":{"line":273,"column":11}},"loc":{"start":{"line":273,"column":26},"end":{"line":273,"column":null}},"line":273},"142":{"name":"(anonymous_142)","decl":{"start":{"line":278,"column":10},"end":{"line":278,"column":16}},"loc":{"start":{"line":278,"column":16},"end":{"line":278,"column":null}},"line":278},"143":{"name":"(anonymous_143)","decl":{"start":{"line":278,"column":67},"end":{"line":278,"column":72}},"loc":{"start":{"line":278,"column":72},"end":{"line":278,"column":78}},"line":278},"144":{"name":"(anonymous_144)","decl":{"start":{"line":279,"column":11},"end":{"line":279,"column":12}},"loc":{"start":{"line":279,"column":27},"end":{"line":279,"column":null}},"line":279},"145":{"name":"(anonymous_145)","decl":{"start":{"line":279,"column":82},"end":{"line":279,"column":87}},"loc":{"start":{"line":279,"column":87},"end":{"line":279,"column":93}},"line":279},"146":{"name
[...]
umn":null}},"28":{"start":{"line":68,"column":4},"end":{"line":68,"column":null}},"29":{"start":{"line":69,"column":20},"end":{"line":71,"column":null}},"30":{"start":{"line":70,"column":6},"end":{"line":70,"column":null}},"31":{"start":{"line":72,"column":4},"end":{"line":72,"column":null}},"32":{"start":{"line":75,"column":2},"end":{"line":81,"column":null}},"33":{"start":{"line":76,"column":4},"end":{"line":76,"column":null}},"34":{"start":{"line":77,"column":20},"end":{"line":79,"column":null}},"35":{"start":{"line":78,"column":6},"end":{"line":78,"column":null}},"36":{"start":{"line":80,"column":4},"end":{"line":80,"column":null}},"37":{"start":{"line":84,"column":2},"end":{"line":88,"column":null}},"38":{"start":{"line":85,"column":4},"end":{"line":87,"column":null}},"39":{"start":{"line":86,"column":6},"end":{"line":86,"column":null}},"40":{"start":{"line":91,"column":2},"end":{"line":91,"column":null}},"41":{"start":{"line":95,"column":2},"end":{"line":95,"column":null}},"42":{"start":{"line":99,"column":2},"end":{"line":99,"column":null}},"43":{"start":{"line":100,"column":2},"end":{"line":100,"column":null}},"44":{"start":{"line":101,"column":2},"end":{"line":101,"column":null}},"45":{"start":{"line":105,"column":2},"end":{"line":105,"column":null}},"46":{"start":{"line":107,"column":2},"end":{"line":107,"column":null}},"47":{"start":{"line":109,"column":2},"end":{"line":111,"column":null}},"48":{"start":{"line":110,"column":4},"end":{"line":110,"column":null}},"49":{"start":{"line":115,"column":2},"end":{"line":121,"column":null}},"50":{"start":{"line":117,"column":27},"end":{"line":117,"column":45}},"51":{"start":{"line":118,"column":27},"end":{"line":118,"column":45}},"52":{"start":{"line":119,"column":28},"end":{"line":119,"column":47}},"53":{"start":{"line":120,"column":28},"end":{"line":120,"column":47}}},"fnMap":{"0":{"name":"notifyListeners","decl":{"start":{"line":23,"column":9},"end":{"line":23,"column":27}},"loc":{"start":{"line":23,"column":27},"end":{"line":25,"column":null}},"line":23},"1":{"name":"(anonymous_1)","decl":{"start":{"line":24,"column":20},"end":{"line":24,"column":32}},"loc":{"start":{"line":24,"column":32},"end":{"line":24,"column":51}},"line":24},"2":{"name":"addLog","decl":{"start":{"line":27,"column":9},"end":{"line":27,"column":16}},"loc":{"start":{"line":27,"column":100},"end":{"line":38,"column":null}},"line":27},"3":{"name":"initializeLogCapture","decl":{"start":{"line":40,"column":16},"end":{"line":40,"column":39}},"loc":{"start":{"line":40,"column":39},"end":{"line":92,"column":null}},"line":40},"4":{"name":"(anonymous_4)","decl":{"start":{"line":51,"column":16},"end":{"line":51,"column":20}},"loc":{"start":{"line":51,"column":40},"end":{"line":57,"column":null}},"line":51},"5":{"name":"(anonymous_5)","decl":{"start":{"line":53,"column":29},"end":{"line":53,"column":null}},"loc":{"start":{"line":54,"column":6},"end":{"line":54,"column":null}},"line":54},"6":{"name":"(anonymous_6)","decl":{"start":{"line":59,"column":17},"end":{"line":59,"column":21}},"loc":{"start":{"line":59,"column":41},"end":{"line":65,"column":null}},"line":59},"7":{"name":"(anonymous_7)","decl":{"start":{"line":61,"column":29},"end":{"line":61,"column":null}},"loc":{"start":{"line":62,"column":6},"end":{"line":62,"column":null}},"line":62},"8":{"name":"(anonymous_8)","decl":{"start":{"line":67,"column":18},"end":{"line":67,"column":22}},"loc":{"start":{"line":67,"column":42},"end":{"line":73,"column":null}},"line":67},"9":{"name":"(anonymous_9)","decl":{"start":{"line":69,"column":29},"end":{"line":69,"column":null}},"loc":{"start":{"line":70,"column":6},"end":{"line":70,"column":null}},"line":70},"10":{"name":"(anonymous_10)","decl":{"start":{"line":75,"column":18},"end":{"line":75,"column":22}},"loc":{"start":{"line":75,"column":42},"end":{"line":81,"column":null}},"line":75},"11":{"name":"(anonymous_11)","decl":{"start":{"line":77,"column":29},"end":{"line":77,"column":null}},"loc":{"start":{"line":78,"column":6},"end":{"line":78,"column":null}},"line":78},"12":{"name":"(anonymous_12)","decl":{"start":{"line":85,"column":33},"end":{"line":85,"column":34}},"loc":{"start":{"line":85,"column":44},"end":{"line":87,"column":5}},"line":85},"13":{"name":"getLogs","decl":{"start":{"line":94,"column":16},"end":{"line":94,"column":38}},"loc":{"start":{"line":94,"column":38},"end":{"line":96,"column":null}},"line":94},"14":{"name":"clearLogs","decl":{"start":{"line":98,"column":16},"end":{"line":98,"column":28}},"loc":{"start":{"line":98,"column":28},"end":{"line":102,"column":null}},"line":98},"15":{"name":"subscribe","decl":{"start":{"line":104,"column":16},"end":{"line":104,"column":26}},"loc":{"start":{"line":104,"column":61},"end":{"line":112,"column":null}},"line":104},"16":{"name":"(anonymous_16)","decl":{"start":{"line":109,"column":9},"end":{"line":109,"column":15}},"loc":{"start":{"line":109,"column":15},"end":{"line":111,"column":null}},"line":109},"17":{"name":"getLogStats","decl":{"start":{"line":114,"column":16},"end":{"line":114,"column":30}},"loc":{"start":{"line":114,"column":30},"end":{"line":122,"column":null}},"line":114},"18":{"name":"(anonymous_18)","decl":{"start":{"line":117,"column":22},"end":{"line":117,"column":27}},"loc":{"start":{"line":117,"column":27},"end":{"line":117,"column":45}},"line":117},"19":{"name":"(anonymous_19)","decl":{"start":{"line":118,"column":22},"end":{"line":118,"column":27}},"loc":{"start":{"line":118,"column":27},"end":{"line":118,"column":45}},"line":118},"20":{"name":"(anonymous_20)","decl":{"start":{"line":119,"column":23},"end":{"line":119,"column":28}},"loc":{"start":{"line":119,"column":28},"end":{"line":119,"column":47}},"line":119},"21":{"name":"(anonymous_21)","decl":{"start":{"line":120,"column":23},"end":{"line":120,"column":28}},"loc":{"start":{"line":120,"column":28},"end":{"line":120,"column":47}},"line":120}},"branchMap":{"0":{"loc":{"start":{"line":27,"column":59},"end":{"line":27,"column":100}},"type":"default-arg","locations":[{"start":{"line":27,"column":88},"end":{"line":27,"column":100}}],"line":27},"1":{"loc":{"start":{"line":41,"column":2},"end":{"line":41,"column":null}},"type":"if","locations":[{"start":{"line":41,"column":2},"end":{"line":41,"column":null}},{"start":{},"end":{}}],"line":41},"2":{"loc":{"start":{"line":54,"column":6},"end":{"line":54,"column":null}},"type":"cond-expr","locations":[{"start":{"line":54,"column":32},"end":{"line":54,"column":63}},{"start":{"line":54,"column":63},"end":{"line":54,"column":null}}],"line":54},"3":{"loc":{"start":{"line":62,"column":6},"end":{"line":62,"column":null}},"type":"cond-expr","locations":[{"start":{"line":62,"column":32},"end":{"line":62,"column":63}},{"start":{"line":62,"column":63},"end":{"line":62,"column":null}}],"line":62},"4":{"loc":{"start":{"line":70,"column":6},"end":{"line":70,"column":null}},"type":"cond-expr","locations":[{"start":{"line":70,"column":32},"end":{"line":70,"column":63}},{"start":{"line":70,"column":63},"end":{"line":70,"column":null}}],"line":70},"5":{"loc":{"start":{"line":78,"column":6},"end":{"line":78,"column":null}},"type":"cond-expr","locations":[{"start":{"line":78,"column":32},"end":{"line":78,"column":63}},{"start":{"line":78,"column":63},"end":{"line":78,"column":null}}],"line":78},"6":{"loc":{"start":{"line":84,"column":2},"end":{"line":88,"column":null}},"type":"if","locations":[{"start":{"line":84,"column":2},"end":{"line":88,"column":null}},{"start":{},"end":{}}],"line":84}},"s":{"0":23,"1":23,"2":23,"3":23,"4":23,"5":2067,"6":4,"7":2064,"8":2064,"9":2064,"10":22,"11":2,"12":20,"13":20,"14":20,"15":20,"16":20,"17":20,"18":2038,"19":2038,"20":2041,"21":2038,"22":20,"23":2,"24":2,"25":2,"26":2,"27":20,"28":2,"29":2,"30":2,"31":2,"32":20,"33":2,"34":2,"35":2,"36":2,"37":20,"38":20,"39":0,"40":20,"41":19,"42":3,"43":3,"44":3,"45":6,"46":6,"47":6,"48":1,"49":2,"50":6,"51":6,"52":6,"53":6},"f":{"0":2067,"1":4,"2":2064,"3":22,"4":2038,"5":2041,"6":2,"7":2,"8":2,"9":2,"10":2,"11":2,"12":0,"13":19,"14":3,"15":6,"16":1,"17":2,"18":6,"19":6,"20":6,"21":6},"b":{"0":[2064],"1":[2,20],"2":[1,2040],"3":[0,2],"4":[0,2],"5":[0,2],"6":[20,0]},"meta":{"lastBranch":7,"lastFunction":22,"lastStatement":54,"seen":{"s:11:17:11:Infinity":0,"s:12:23:12:Infinity":1,"s:13:19:13:Infinity":2,"s:14:34:14:Infinity":3,"s:15:18:15:Infinity":4,"f:23:9:23:27":0,"s:24:2:24:Infinity":5,"f:24:20:24:32":1,"s:24:32:24:51":6,"f:27:9:27:16":2,"b:27:88:27:100":0,"s:28:26:34:Infinity":7,"s:36:2:36:Infinity":8,"s:37:2:37:Infinity":9,"f:40:16:40:39":3,"b:41:2:41:Infinity:undefined:undefined:undefined:undefined":1,"s:41:2:41:Infinity":10,"s:41:19:41:Infinity":11,"s:42:2:42:Infinity":12,"s:45:2:45:Infinity":13,"s:46:2:46:Infinity":14,"s:47:2:47:Infinity":15,"s:48:2:48:Infinity":16,"s:51:2:57:Infinity":17,"f:51:16:51:20":4,"s:52:4:52:Infinity":18,"s:53:20:55:Infinity":19,"f:53:29:53:Infinity":5,"s:54:6:54:Infinity":20,"b:54:32:54:63:54:63:54:Infinity":2,"s:56:4:56:Infinity":21,"s:59:2:65:Infinity":22,"f:59:17:59:21":6,"s:60:4:60:Infinity":23,"s:61:20:63:Infinity":24,"f:61:29:61:Infinity":7,"s:62:6:62:Infinity":25,"b:62:32:62:63:62:63:62:Infinity":3,"s:64:4:64:Infinity":26,"s:67:2:73:Infinity":27,"f:67:18:67:22":8,"s:68:4:68:Infinity":28,"s:69:20:71:Infinity":29,"f:69:29:69:Infinity":9,"s:70:6:70:Infinity":30,"b:70:32:70:63:70:63:70:Infinity":4,"s:72:4:72:Infinity":31,"s:75:2:81:Infinity":32,"f:75:18:75:22":10,"s:76:4:76:Infinity":33,"s:77:20:79:Infinity":34,"f:77:29:77:Infinity":11,"s:78:6:78:Infinity":35,"b:78:32:78:63:78:63:78:Infinity":5,"s:80:4:80:Infinity":36,"b:84:2:88:Infinity:undefined:undefined:undefined:undefined":6,"s:84:2:88:Infinity":37,"s:85:4:87:Infinity":38,"f:85:33:85:34":12,"s:86:6:86:Infinity":39,"s:91:2:91:Infinity":40,"f:94:16:94:38":13,"s:95:2:95:Infinity":41,"f:98:16:98:28":14,"s:99:2:99:Infinity":42,"s:100:2:100:Infinity":43,"s:101:2:101:Infinity":44,"f:104:16:104:26":15,"s:105:2:105:Infinity":45,"s:107:2:107:Infinity":46,"s:109:2:111:Infinity":47,"f:109:9:109:15":16,"s:110:4:110:Infinity":48,"f:114:16:114:30":17,"s:115:2:121:Infinity":49,"f:117:22:117:27":18,"s:117:27:117:45":50,"f:118:22:118:27":19,"s:118:27:118:45":51,"f:119:23:119:28":20,"s:119:28:119:47":52,"f:120:23:120:28":21,"s:120:28:120:47":53}}}
,"/Users/michailgeranis/Code/hive/src/Hive.Desktop/src/utils/dateUtils.ts": {"path":"/Users/michailgeranis/Code/hive/src/Hive.Desktop/src/utils/dateUtils.ts","statementMap":{"0":{"start":{"line":5,"column":2},"end":{"line":9,"column":null}},"1":{"start":{"line":16,"column":15},"end":{"line":16,"column":null}},"2":{"start":{"line":17,"column":14},"end":{"line":17,"column":null}},"3":{"start":{"line":18,"column":19},"end":{"line":18,"column":null}},"4":{"start":{"line":20,"column":2},"end":{"line":20,"column":null}},"5":{"start":{"line":20,"column":20},"end":{"line":20,"column":null}},"6":{"start":{"line":21,"column":2},"end":{"line":21,"column":null}},"7":{"start":{"line":21,"column":22},"end":{"line":21,"column":null}},"8":{"start":{"line":22,"column":2},"end":{"line":22,"column":null}},"9":{"start":{"line":22,"column":22},"end":{"line":22,"column":null}},"10":{"start":{"line":23,"column":2},"end":{"line":23,"column":null}},"11":{"start":{"line":23,"column":21},"end":{"line":23,"column":null}},"12":{"start":{"line":24,"column":2},"end":{"line":24,"column":null}},"13":{"start":{"line":31,"column":2},"end":{"line":31,"column":null}},"14":{"start":{"line":31,"column":19},"end":{"line":31,"column":null}},"15":{"start":{"line":32,"column":15},"end":{"line":32,"column":null}},"16":{"start":{"line":33,"column":16},"end":{"line":33,"column":null}},"17":{"start":{"line":34,"column":2},"end":{"line":34,"column":null}},"18":{"start":{"line":35,"column":2},"end":{"line":35,"column":null}},"19":{"start":{"line":42,"column":16},"end":{"line":42,"column":null}},"20":{"start":{"line":43,"column":14},"end":{"line":43,"column":null}},"21":{"start":{"line":45,"column":14},"end":{"line":45,"column":null}},"22":{"start":{"line":46,"column":18},"end":{"line":46,"column":null}},"23":{"start":{"line":48,"column":2},"end":{"line":55,"column":null}},"24":{"start":{"line":49,"column":22},"end":{"line":49,"column":null}},"25":{"start":{"line":51,"column":4},"end":{"line":53,"column":null}},"26":{"start":{"line":52,"column":6},"end":{"line":52,"column":null}},"27":{"start":{"line":54,"column":4},"end":{"line":54,"column":null}},"28":{"start":{"line":57,"column":2},"end":{"line":57,"column":null}},"29":{"start":{"line":64,"column":2},"end":{"line":64,"column":null}},"30":{"start":{"line":64,"column":18},"end":{"line":64,"column":null}},"31":{"start":{"line":65,"column":2},"end":{"line":68,"column":null}},"32":{"start":{"line":67,"column":16},"end":{"line":67,"column":26}},"33":{"start":{"line":68,"column":19},"end":{"line":68,"column":33}},"34":{"start":{"line":79,"column":2},"end":{"line":79,"column":null}},"35":{"start":{"line":79,"column":26},"end":{"line":79,"column":null}},"36":{"start":{"line":81,"column":16},"end":{"line":81,"column":null}},"37":{"start":{"line":82,"column":2},"end":{"line":88,"column":null}},"38":{"start":{"line":83,"column":18},"end":{"line":83,"column":null}},"39":{"start":{"line":84,"column":4},"end":{"line":86,"column":null}},"40":{"start":{"line":85,"column":6},"end":{"line":85,"column":null}},"41":{"start":{"line":87,"column":4},"end":{"line":87,"column":null}}},"fnMap":{"0":{"name":"formatDate","decl":{"start":{"line":4,"column":16},"end":{"line":4,"column":27}},"loc":{"start":{"line":4,"column":55},"end":{"line":10,"column":null}},"line":4},"1":{"name":"formatRelativeDate","decl":{"start":{"line":15,"column":16},"end":{"line":15,"column":35}},"loc":{"start":{"line":15,"column":85},"end":{"line":25,"column":null}},"line":15},"2":{"name":"isOverdue","decl":{"start":{"line":30,"column":16},"end":{"line":30,"column":26}},"loc":{"start":{"line":30,"column":89},"end":{"line":36,"column":null}},"line":30},"3":{"name":"calculateBusinessDays","decl":{"start":{"line":41,"column":16},"end":{"line":41,"column":38}},"loc":{"start":{"line":41,"column":82},"end":{"line":58,"column":null}},"line":41},"4":{"name":"parseTags","decl":{"start":{"line":63,"column":16},"end":{"line":63,"column":26}},"loc":{"start":{"line":63,"column":67},"end":{"line":69,"column":null}},"line":63},"5":{"name":"(anonymous_5)","decl":{"start":{"line":67,"column":9},"end":{"line":67,"column":16}},"loc":{"start":{"line":67,"column":16},"end":{"line":67,"column":26}},"line":67},"6":{"name":"(anonymous_6)","decl":{"start":{"line":68,"column":12},"end":{"line":68,"column":19}},"loc":{"start":{"line":68,"column":19},"end":{"line":68,"column":33}},"line":68},"7":{"name":"matchesSearch","decl":{"start":{"line":74,"column":16},"end":{"line":74,"column":null}},"loc":{"start":{"line":78,"column":11},"end":{"line":89,"column":null}},"line":78},"8":{"name":"(anonymous_8)","decl":{"start":{"line":82,"column":21},"end":{"line":82,"column":30}},"loc":{"start":{"line":82,"column":30},"end":{"line":88,"column":3}},"line":82}},"branchMap":{"0":{"loc":{"start":{"line":17,"column":14},"end":{"line":17,"column":null}},"type":"binary-expr","locations":[{"start":{"line":17,"column":14},"end":{"line":17,"column":31}},{"start":{"line":17,"column":31},"end":{"line":17,"column":null}}],"line":17},"1":{"loc":{"start":{"line":20,"column":2},"end":{"line":20,"column":null}},"type":"if","locations":[{"start":{"line":20,"column":2},"end":{"line":20,"column":null}},{"start":{},"end":{}}],"line":20},"2":{"loc":{"start":{"line":21,"column":2},"end":{"line":21,"column":null}},"type":"if","locations":[{"start":{"line":21,"column":2},"end":{"line":21,"column":null}},{"start":{},"end":{}}],"line":21},"3":{"loc":{"start":{"line":22,"column":2},"end":{"line":22,"column":null}},"type":"if","locations":[{"start":{"line":22,"column":2},"end":{"line":22,"column":null}},{"start":{},"end":{}}],"line":22},"4":{"loc":{"start":{"line":23,"column":2},"end":{"line":23,"column":null}},"type":"if","locations":[{"start":{"line":23,"column":2},"end":{"line":23,"column":null}},{"start":{},"end":{}}],"line":23},"5":{"loc":{"start":{"line":31,"column":2},"end":{"line":31,"column":null}},"type":"if","locations":[{"start":{"line":31,"column":2},"end":{"line":31,"column":null}},{"start":{},"end":{}}],"line":31},"6":{"loc":{"start":{"line":33,"column":16},"end":{"line":33,"column":null}},"type":"binary-expr","locations":[{"start":{"line":33,"column":16},"end":{"line":33,"column":33}},{"start":{"line":33,"column":33},"end":{"line":33,"column":null}}],"line":33},"7":{"loc":{"start":{"line":51,"column":4},"end":{"line":53,"column":null}},"type":"if","locations":[{"start":{"line":51,"column":4},"end":{"line":53,"column":null}},{"start":{},"end":{}}],"line":51},"8":{"loc":{"start":{"line":51,"column":8},"end":{"line":51,"column":44}},"type":"binary-expr","locations":[{"start":{"line":51,"column":8},"end":{"line":51,"column":27}},{"start":{"line":51,"column":27},"end":{"line":51,"column":44}}],"line":51},"9":{"loc":{"start":{"line":64,"column":2},"end":{"line":64,"column":null}},"type":"if","locations":[{"start":{"line":64,"column":2},"end":{"line":64,"column":null}},{"start":{},"end":{}}],"line":64},"10":{"loc":{"start":{"line":79,"column":2},"end":{"line":79,"column":null}},"type":"if","locations":[{"start":{"line":79,"column":2},"end":{"line":79,"column":null}},{"start":{},"end":{}}],"line":79},"11":{"loc":{"start":{"line":84,"column":4},"end":{"line":86,"column":null}},"type":"if","locations":[{"start":{"line":84,"column":4},"end":{"line":86,"column":null}},{"start":{},"end":{}}],"line":84}},"s":{"0":5,"1":8,"2":8,"3":8,"4":8,"5":2,"6":6,"7":1,"8":5,"9":1,"10":4,"11":4,"12":1,"13":8,"14":2,"15":6,"16":6,"17":8,"18":8,"19":7,"20":7,"21":7,"22":7,"23":7,"24":39,"25":39,"26":30,"27":39,"28":7,"29":8,"30":2,"31":6,"32":20,"33":20,"34":12,"35":2,"36":10,"37":10,"38":12,"39":12,"40":12,"41":0},"f":{"0":5,"1":8,"2":8,"3":7,"4":8,"5":20,"6":20,"7":12,"8":12},"b":{"0":[8,0],"1":[2,6],"2":[1,5],"3":[1,4],"4":[3,1],"5":[2,6],"6":[6,0],"7":[30,9],"8":[39,35],"9":[2,6],"10":[2,10],"11":[12,0]},"meta":{"lastBranch":12,"lastFunction":9,"lastStatement":42,"seen":{"f:4:16:4:27":0,"s:5:2:9:Infinity":0,"f:15:16:15:35":1,"s:16:15:16:Infinity":1,"s:17:14:17:Infinity":2,"b:17:14:17:31:17:31:17:Infinity":0,"s:18:19:18:Infinity":3,"b:20:2:20:Infinity:undefined:undefined:undefined:undefined":1,"s:20:2:20:Infinity":4,"s:20:20:20:Infinity":5,"b:21:2:21:Infinity:undefined:undefined:undefined:undefined":2,"s:21:2:21:Infinity":6,"s:21:22:21:Infinity":7,"b:22:2:22:Infinity:undefined:undefined:undefined:undefined":3,"s:22:2:22:Infinity":8,"s:22:22:22:Infinity":9,"b:23:2:23:Infinity:undefined:undefined:undefined:undefined":4,"s:23:2:23:Infinity":10,"s:23:21:23:Infinity":11,"s:24:2:24:Infinity":12,"f:30:16:30:26":2,"b:31:2:31:Infinity:undefined:undefined:undefined:undefined":5,"s:31:2:31:Infinity":13,"s:31:19:31:Infinity":14,"s:32:15:32:Infinity":15,"s:33:16:33:Infinity":16,"b:33:16:33:33:33:33:33:Infinity":6,"s:34:2:34:Infinity":17,"s:35:2:35:Infinity":18,"f:41:16:41:38":3,"s:42:16:42:Infinity":19,"s:43:14:43:Infinity":20,"s:45:14:45:Infinity":21,"s:46:18:46:Infinity":22,"s:48:2:55:Infinity":23,"s:49:22:49:Infinity":24,"b:51:4:53:Infinity:undefined:undefined:undefined:undefined":7,"s:51:4:53:Infinity":25,"b:51:8:51:27:51:27:51:44":8,"s:52:6:52:Infinity":26,"s:54:4:54:Infinity":27,"s:57:2:57:Infinity":28,"f:63:16:63:26":4,"b:64:2:64:Infinity:undefined:undefined:undefined:undefined":9,"s:64:2:64:Infinity":29,"s:64:18:64:Infinity":30,"s:65:2:68:Infinity":31,"f:67:9:67:16":5,"s:67:16:67:26":32,"f:68:12:68:19":6,"s:68:19:68:33":33,"f:74:16:74:Infinity":7,"b:79:2:79:Infinity:undefined:undefined:undefined:undefined":10,"s:79:2:79:Infinity":34,"s:79:26:79:Infinity":35,"s:81:16:81:Infinity":36,"s:82:2:88:Infinity":37,"f:82:21:82:30":8,"s:83:18:83:Infinity":38,"b:84:4:86:Infinity:undefined:undefined:undefined:undefined":11,"s:84:4:86:Infinity":39,"s:85:6:85:Infinity":40,"s:87:4:87:Infinity":41}}}
}
